[2024-05-21 22:08:31] local.ERROR: Please provide a valid cache path. {"exception":"[object] (InvalidArgumentException(code: 0): Please provide a valid cache path. at C:\\Users\\OWNER\\Desktop\\laravel_app\\BBS\\vendor\\laravel\\framework\\src\\Illuminate\\View\\Compilers\\Compiler.php:67)
[stacktrace]
#0 C:\\Users\\OWNER\\Desktop\\laravel_app\\BBS\\vendor\\laravel\\framework\\src\\Illuminate\\View\\ViewServiceProvider.php(96): Illuminate\\View\\Compilers\\Compiler->__construct(Object(Illuminate\\Filesystem\\Filesystem), false, '', true, 'php')
#1 C:\\Users\\OWNER\\Desktop\\laravel_app\\BBS\\vendor\\laravel\\framework\\src\\Illuminate\\Container\\Container.php(900): Illuminate\\View\\ViewServiceProvider->Illuminate\\View\\{closure}(Object(Illuminate\\Foundation\\Application), Array)
#2 C:\\Users\\OWNER\\Desktop\\laravel_app\\BBS\\vendor\\laravel\\framework\\src\\Illuminate\\Container\\Container.php(787): Illuminate\\Container\\Container->build(Object(Closure))
#3 C:\\Users\\OWNER\\Desktop\\laravel_app\\BBS\\vendor\\laravel\\framework\\src\\Illuminate\\Foundation\\Application.php(1030): Illuminate\\Container\\Container->resolve('blade.compiler', Array, true)
#4 C:\\Users\\OWNER\\Desktop\\laravel_app\\BBS\\vendor\\laravel\\framework\\src\\Illuminate\\Container\\Container.php(723): Illuminate\\Foundation\\Application->resolve('blade.compiler', Array)
#5 C:\\Users\\OWNER\\Desktop\\laravel_app\\BBS\\vendor\\laravel\\framework\\src\\Illuminate\\Foundation\\Application.php(1015): Illuminate\\Container\\Container->make('blade.compiler', Array)
#6 C:\\Users\\OWNER\\Desktop\\laravel_app\\BBS\\vendor\\laravel\\framework\\src\\Illuminate\\Container\\Container.php(1446): Illuminate\\Foundation\\Application->make('blade.compiler')
#7 C:\\Users\\OWNER\\Desktop\\laravel_app\\BBS\\vendor\\laravel\\framework\\src\\Illuminate\\Support\\Facades\\Facade.php(237): Illuminate\\Container\\Container->offsetGet('blade.compiler')
#8 C:\\Users\\OWNER\\Desktop\\laravel_app\\BBS\\vendor\\laravel\\framework\\src\\Illuminate\\Support\\Facades\\Facade.php(208): Illuminate\\Support\\Facades\\Facade::resolveFacadeInstance('blade.compiler')
#9 C:\\Users\\OWNER\\Desktop\\laravel_app\\BBS\\vendor\\laravel\\framework\\src\\Illuminate\\Support\\Facades\\Facade.php(351): Illuminate\\Support\\Facades\\Facade::getFacadeRoot()
#10 C:\\Users\\OWNER\\Desktop\\laravel_app\\BBS\\vendor\\livewire\\livewire\\src\\Mechanisms\\FrontendAssets\\FrontendAssets.php(30): Illuminate\\Support\\Facades\\Facade::__callStatic('directive', Array)
#11 C:\\Users\\OWNER\\Desktop\\laravel_app\\BBS\\vendor\\livewire\\livewire\\src\\LivewireServiceProvider.php(77): Livewire\\Mechanisms\\FrontendAssets\\FrontendAssets->boot()
#12 C:\\Users\\OWNER\\Desktop\\laravel_app\\BBS\\vendor\\livewire\\livewire\\src\\LivewireServiceProvider.php(19): Livewire\\LivewireServiceProvider->bootMechanisms()
#13 C:\\Users\\OWNER\\Desktop\\laravel_app\\BBS\\vendor\\laravel\\framework\\src\\Illuminate\\Container\\BoundMethod.php(36): Livewire\\LivewireServiceProvider->boot()
#14 C:\\Users\\OWNER\\Desktop\\laravel_app\\BBS\\vendor\\laravel\\framework\\src\\Illuminate\\Container\\Util.php(41): Illuminate\\Container\\BoundMethod::Illuminate\\Container\\{closure}()
#15 C:\\Users\\OWNER\\Desktop\\laravel_app\\BBS\\vendor\\laravel\\framework\\src\\Illuminate\\Container\\BoundMethod.php(93): Illuminate\\Container\\Util::unwrapIfClosure(Object(Closure))
#16 C:\\Users\\OWNER\\Desktop\\laravel_app\\BBS\\vendor\\laravel\\framework\\src\\Illuminate\\Container\\BoundMethod.php(35): Illuminate\\Container\\BoundMethod::callBoundMethod(Object(Illuminate\\Foundation\\Application), Array, Object(Closure))
#17 C:\\Users\\OWNER\\Desktop\\laravel_app\\BBS\\vendor\\laravel\\framework\\src\\Illuminate\\Container\\Container.php(662): Illuminate\\Container\\BoundMethod::call(Object(Illuminate\\Foundation\\Application), Array, Array, NULL)
#18 C:\\Users\\OWNER\\Desktop\\laravel_app\\BBS\\vendor\\laravel\\framework\\src\\Illuminate\\Foundation\\Application.php(1103): Illuminate\\Container\\Container->call(Array)
#19 C:\\Users\\OWNER\\Desktop\\laravel_app\\BBS\\vendor\\laravel\\framework\\src\\Illuminate\\Foundation\\Application.php(1084): Illuminate\\Foundation\\Application->bootProvider(Object(Livewire\\LivewireServiceProvider))
#20 [internal function]: Illuminate\\Foundation\\Application->Illuminate\\Foundation\\{closure}(Object(Livewire\\LivewireServiceProvider), 23)
#21 C:\\Users\\OWNER\\Desktop\\laravel_app\\BBS\\vendor\\laravel\\framework\\src\\Illuminate\\Foundation\\Application.php(1083): array_walk(Array, Object(Closure))
#22 C:\\Users\\OWNER\\Desktop\\laravel_app\\BBS\\vendor\\laravel\\framework\\src\\Illuminate\\Foundation\\Bootstrap\\BootProviders.php(17): Illuminate\\Foundation\\Application->boot()
#23 C:\\Users\\OWNER\\Desktop\\laravel_app\\BBS\\vendor\\laravel\\framework\\src\\Illuminate\\Foundation\\Application.php(309): Illuminate\\Foundation\\Bootstrap\\BootProviders->bootstrap(Object(Illuminate\\Foundation\\Application))
#24 C:\\Users\\OWNER\\Desktop\\laravel_app\\BBS\\vendor\\laravel\\framework\\src\\Illuminate\\Foundation\\Http\\Kernel.php(186): Illuminate\\Foundation\\Application->bootstrapWith(Array)
#25 C:\\Users\\OWNER\\Desktop\\laravel_app\\BBS\\vendor\\laravel\\framework\\src\\Illuminate\\Foundation\\Http\\Kernel.php(170): Illuminate\\Foundation\\Http\\Kernel->bootstrap()
#26 C:\\Users\\OWNER\\Desktop\\laravel_app\\BBS\\vendor\\laravel\\framework\\src\\Illuminate\\Foundation\\Http\\Kernel.php(144): Illuminate\\Foundation\\Http\\Kernel->sendRequestThroughRouter(Object(Illuminate\\Http\\Request))
#27 C:\\Users\\OWNER\\Desktop\\laravel_app\\BBS\\vendor\\laravel\\framework\\src\\Illuminate\\Foundation\\Application.php(1172): Illuminate\\Foundation\\Http\\Kernel->handle(Object(Illuminate\\Http\\Request))
#28 C:\\Users\\OWNER\\Desktop\\laravel_app\\BBS\\public\\index.php(17): Illuminate\\Foundation\\Application->handleRequest(Object(Illuminate\\Http\\Request))
#29 C:\\Users\\OWNER\\Desktop\\laravel_app\\BBS\\vendor\\laravel\\framework\\src\\Illuminate\\Foundation\\resources\\server.php(16): require_once('C:\\\\Users\\\\OWNER\\\\...')
#30 {main}
"} 
[2024-05-21 22:08:35] local.ERROR: Please provide a valid cache path. {"exception":"[object] (InvalidArgumentException(code: 0): Please provide a valid cache path. at C:\\Users\\OWNER\\Desktop\\laravel_app\\BBS\\vendor\\laravel\\framework\\src\\Illuminate\\View\\Compilers\\Compiler.php:67)
[stacktrace]
#0 C:\\Users\\OWNER\\Desktop\\laravel_app\\BBS\\vendor\\laravel\\framework\\src\\Illuminate\\View\\ViewServiceProvider.php(96): Illuminate\\View\\Compilers\\Compiler->__construct(Object(Illuminate\\Filesystem\\Filesystem), false, '', true, 'php')
#1 C:\\Users\\OWNER\\Desktop\\laravel_app\\BBS\\vendor\\laravel\\framework\\src\\Illuminate\\Container\\Container.php(900): Illuminate\\View\\ViewServiceProvider->Illuminate\\View\\{closure}(Object(Illuminate\\Foundation\\Application), Array)
#2 C:\\Users\\OWNER\\Desktop\\laravel_app\\BBS\\vendor\\laravel\\framework\\src\\Illuminate\\Container\\Container.php(787): Illuminate\\Container\\Container->build(Object(Closure))
#3 C:\\Users\\OWNER\\Desktop\\laravel_app\\BBS\\vendor\\laravel\\framework\\src\\Illuminate\\Foundation\\Application.php(1030): Illuminate\\Container\\Container->resolve('blade.compiler', Array, true)
#4 C:\\Users\\OWNER\\Desktop\\laravel_app\\BBS\\vendor\\laravel\\framework\\src\\Illuminate\\Container\\Container.php(723): Illuminate\\Foundation\\Application->resolve('blade.compiler', Array)
#5 C:\\Users\\OWNER\\Desktop\\laravel_app\\BBS\\vendor\\laravel\\framework\\src\\Illuminate\\Foundation\\Application.php(1015): Illuminate\\Container\\Container->make('blade.compiler', Array)
#6 C:\\Users\\OWNER\\Desktop\\laravel_app\\BBS\\vendor\\laravel\\framework\\src\\Illuminate\\Container\\Container.php(1446): Illuminate\\Foundation\\Application->make('blade.compiler')
#7 C:\\Users\\OWNER\\Desktop\\laravel_app\\BBS\\vendor\\laravel\\framework\\src\\Illuminate\\Support\\Facades\\Facade.php(237): Illuminate\\Container\\Container->offsetGet('blade.compiler')
#8 C:\\Users\\OWNER\\Desktop\\laravel_app\\BBS\\vendor\\laravel\\framework\\src\\Illuminate\\Support\\Facades\\Facade.php(208): Illuminate\\Support\\Facades\\Facade::resolveFacadeInstance('blade.compiler')
#9 C:\\Users\\OWNER\\Desktop\\laravel_app\\BBS\\vendor\\laravel\\framework\\src\\Illuminate\\Support\\Facades\\Facade.php(351): Illuminate\\Support\\Facades\\Facade::getFacadeRoot()
#10 C:\\Users\\OWNER\\Desktop\\laravel_app\\BBS\\vendor\\livewire\\livewire\\src\\Mechanisms\\FrontendAssets\\FrontendAssets.php(30): Illuminate\\Support\\Facades\\Facade::__callStatic('directive', Array)
#11 C:\\Users\\OWNER\\Desktop\\laravel_app\\BBS\\vendor\\livewire\\livewire\\src\\LivewireServiceProvider.php(77): Livewire\\Mechanisms\\FrontendAssets\\FrontendAssets->boot()
#12 C:\\Users\\OWNER\\Desktop\\laravel_app\\BBS\\vendor\\livewire\\livewire\\src\\LivewireServiceProvider.php(19): Livewire\\LivewireServiceProvider->bootMechanisms()
#13 C:\\Users\\OWNER\\Desktop\\laravel_app\\BBS\\vendor\\laravel\\framework\\src\\Illuminate\\Container\\BoundMethod.php(36): Livewire\\LivewireServiceProvider->boot()
#14 C:\\Users\\OWNER\\Desktop\\laravel_app\\BBS\\vendor\\laravel\\framework\\src\\Illuminate\\Container\\Util.php(41): Illuminate\\Container\\BoundMethod::Illuminate\\Container\\{closure}()
#15 C:\\Users\\OWNER\\Desktop\\laravel_app\\BBS\\vendor\\laravel\\framework\\src\\Illuminate\\Container\\BoundMethod.php(93): Illuminate\\Container\\Util::unwrapIfClosure(Object(Closure))
#16 C:\\Users\\OWNER\\Desktop\\laravel_app\\BBS\\vendor\\laravel\\framework\\src\\Illuminate\\Container\\BoundMethod.php(35): Illuminate\\Container\\BoundMethod::callBoundMethod(Object(Illuminate\\Foundation\\Application), Array, Object(Closure))
#17 C:\\Users\\OWNER\\Desktop\\laravel_app\\BBS\\vendor\\laravel\\framework\\src\\Illuminate\\Container\\Container.php(662): Illuminate\\Container\\BoundMethod::call(Object(Illuminate\\Foundation\\Application), Array, Array, NULL)
#18 C:\\Users\\OWNER\\Desktop\\laravel_app\\BBS\\vendor\\laravel\\framework\\src\\Illuminate\\Foundation\\Application.php(1103): Illuminate\\Container\\Container->call(Array)
#19 C:\\Users\\OWNER\\Desktop\\laravel_app\\BBS\\vendor\\laravel\\framework\\src\\Illuminate\\Foundation\\Application.php(1084): Illuminate\\Foundation\\Application->bootProvider(Object(Livewire\\LivewireServiceProvider))
#20 [internal function]: Illuminate\\Foundation\\Application->Illuminate\\Foundation\\{closure}(Object(Livewire\\LivewireServiceProvider), 23)
#21 C:\\Users\\OWNER\\Desktop\\laravel_app\\BBS\\vendor\\laravel\\framework\\src\\Illuminate\\Foundation\\Application.php(1083): array_walk(Array, Object(Closure))
#22 C:\\Users\\OWNER\\Desktop\\laravel_app\\BBS\\vendor\\laravel\\framework\\src\\Illuminate\\Foundation\\Bootstrap\\BootProviders.php(17): Illuminate\\Foundation\\Application->boot()
#23 C:\\Users\\OWNER\\Desktop\\laravel_app\\BBS\\vendor\\laravel\\framework\\src\\Illuminate\\Foundation\\Application.php(309): Illuminate\\Foundation\\Bootstrap\\BootProviders->bootstrap(Object(Illuminate\\Foundation\\Application))
#24 C:\\Users\\OWNER\\Desktop\\laravel_app\\BBS\\vendor\\laravel\\framework\\src\\Illuminate\\Foundation\\Http\\Kernel.php(186): Illuminate\\Foundation\\Application->bootstrapWith(Array)
#25 C:\\Users\\OWNER\\Desktop\\laravel_app\\BBS\\vendor\\laravel\\framework\\src\\Illuminate\\Foundation\\Http\\Kernel.php(170): Illuminate\\Foundation\\Http\\Kernel->bootstrap()
#26 C:\\Users\\OWNER\\Desktop\\laravel_app\\BBS\\vendor\\laravel\\framework\\src\\Illuminate\\Foundation\\Http\\Kernel.php(144): Illuminate\\Foundation\\Http\\Kernel->sendRequestThroughRouter(Object(Illuminate\\Http\\Request))
#27 C:\\Users\\OWNER\\Desktop\\laravel_app\\BBS\\vendor\\laravel\\framework\\src\\Illuminate\\Foundation\\Application.php(1172): Illuminate\\Foundation\\Http\\Kernel->handle(Object(Illuminate\\Http\\Request))
#28 C:\\Users\\OWNER\\Desktop\\laravel_app\\BBS\\public\\index.php(17): Illuminate\\Foundation\\Application->handleRequest(Object(Illuminate\\Http\\Request))
#29 C:\\Users\\OWNER\\Desktop\\laravel_app\\BBS\\vendor\\laravel\\framework\\src\\Illuminate\\Foundation\\resources\\server.php(16): require_once('C:\\\\Users\\\\OWNER\\\\...')
#30 {main}
"} 
[2024-05-21 22:09:05] local.ERROR: Please provide a valid cache path. {"exception":"[object] (InvalidArgumentException(code: 0): Please provide a valid cache path. at C:\\Users\\OWNER\\Desktop\\laravel_app\\BBS\\vendor\\laravel\\framework\\src\\Illuminate\\View\\Compilers\\Compiler.php:67)
[stacktrace]
#0 C:\\Users\\OWNER\\Desktop\\laravel_app\\BBS\\vendor\\laravel\\framework\\src\\Illuminate\\View\\ViewServiceProvider.php(96): Illuminate\\View\\Compilers\\Compiler->__construct(Object(Illuminate\\Filesystem\\Filesystem), false, '', true, 'php')
#1 C:\\Users\\OWNER\\Desktop\\laravel_app\\BBS\\vendor\\laravel\\framework\\src\\Illuminate\\Container\\Container.php(900): Illuminate\\View\\ViewServiceProvider->Illuminate\\View\\{closure}(Object(Illuminate\\Foundation\\Application), Array)
#2 C:\\Users\\OWNER\\Desktop\\laravel_app\\BBS\\vendor\\laravel\\framework\\src\\Illuminate\\Container\\Container.php(787): Illuminate\\Container\\Container->build(Object(Closure))
#3 C:\\Users\\OWNER\\Desktop\\laravel_app\\BBS\\vendor\\laravel\\framework\\src\\Illuminate\\Foundation\\Application.php(1030): Illuminate\\Container\\Container->resolve('blade.compiler', Array, true)
#4 C:\\Users\\OWNER\\Desktop\\laravel_app\\BBS\\vendor\\laravel\\framework\\src\\Illuminate\\Container\\Container.php(723): Illuminate\\Foundation\\Application->resolve('blade.compiler', Array)
#5 C:\\Users\\OWNER\\Desktop\\laravel_app\\BBS\\vendor\\laravel\\framework\\src\\Illuminate\\Foundation\\Application.php(1015): Illuminate\\Container\\Container->make('blade.compiler', Array)
#6 C:\\Users\\OWNER\\Desktop\\laravel_app\\BBS\\vendor\\laravel\\framework\\src\\Illuminate\\Container\\Container.php(1446): Illuminate\\Foundation\\Application->make('blade.compiler')
#7 C:\\Users\\OWNER\\Desktop\\laravel_app\\BBS\\vendor\\laravel\\framework\\src\\Illuminate\\Support\\Facades\\Facade.php(237): Illuminate\\Container\\Container->offsetGet('blade.compiler')
#8 C:\\Users\\OWNER\\Desktop\\laravel_app\\BBS\\vendor\\laravel\\framework\\src\\Illuminate\\Support\\Facades\\Facade.php(208): Illuminate\\Support\\Facades\\Facade::resolveFacadeInstance('blade.compiler')
#9 C:\\Users\\OWNER\\Desktop\\laravel_app\\BBS\\vendor\\laravel\\framework\\src\\Illuminate\\Support\\Facades\\Facade.php(351): Illuminate\\Support\\Facades\\Facade::getFacadeRoot()
#10 C:\\Users\\OWNER\\Desktop\\laravel_app\\BBS\\vendor\\livewire\\livewire\\src\\Mechanisms\\FrontendAssets\\FrontendAssets.php(30): Illuminate\\Support\\Facades\\Facade::__callStatic('directive', Array)
#11 C:\\Users\\OWNER\\Desktop\\laravel_app\\BBS\\vendor\\livewire\\livewire\\src\\LivewireServiceProvider.php(77): Livewire\\Mechanisms\\FrontendAssets\\FrontendAssets->boot()
#12 C:\\Users\\OWNER\\Desktop\\laravel_app\\BBS\\vendor\\livewire\\livewire\\src\\LivewireServiceProvider.php(19): Livewire\\LivewireServiceProvider->bootMechanisms()
#13 C:\\Users\\OWNER\\Desktop\\laravel_app\\BBS\\vendor\\laravel\\framework\\src\\Illuminate\\Container\\BoundMethod.php(36): Livewire\\LivewireServiceProvider->boot()
#14 C:\\Users\\OWNER\\Desktop\\laravel_app\\BBS\\vendor\\laravel\\framework\\src\\Illuminate\\Container\\Util.php(41): Illuminate\\Container\\BoundMethod::Illuminate\\Container\\{closure}()
#15 C:\\Users\\OWNER\\Desktop\\laravel_app\\BBS\\vendor\\laravel\\framework\\src\\Illuminate\\Container\\BoundMethod.php(93): Illuminate\\Container\\Util::unwrapIfClosure(Object(Closure))
#16 C:\\Users\\OWNER\\Desktop\\laravel_app\\BBS\\vendor\\laravel\\framework\\src\\Illuminate\\Container\\BoundMethod.php(35): Illuminate\\Container\\BoundMethod::callBoundMethod(Object(Illuminate\\Foundation\\Application), Array, Object(Closure))
#17 C:\\Users\\OWNER\\Desktop\\laravel_app\\BBS\\vendor\\laravel\\framework\\src\\Illuminate\\Container\\Container.php(662): Illuminate\\Container\\BoundMethod::call(Object(Illuminate\\Foundation\\Application), Array, Array, NULL)
#18 C:\\Users\\OWNER\\Desktop\\laravel_app\\BBS\\vendor\\laravel\\framework\\src\\Illuminate\\Foundation\\Application.php(1103): Illuminate\\Container\\Container->call(Array)
#19 C:\\Users\\OWNER\\Desktop\\laravel_app\\BBS\\vendor\\laravel\\framework\\src\\Illuminate\\Foundation\\Application.php(1084): Illuminate\\Foundation\\Application->bootProvider(Object(Livewire\\LivewireServiceProvider))
#20 [internal function]: Illuminate\\Foundation\\Application->Illuminate\\Foundation\\{closure}(Object(Livewire\\LivewireServiceProvider), 23)
#21 C:\\Users\\OWNER\\Desktop\\laravel_app\\BBS\\vendor\\laravel\\framework\\src\\Illuminate\\Foundation\\Application.php(1083): array_walk(Array, Object(Closure))
#22 C:\\Users\\OWNER\\Desktop\\laravel_app\\BBS\\vendor\\laravel\\framework\\src\\Illuminate\\Foundation\\Bootstrap\\BootProviders.php(17): Illuminate\\Foundation\\Application->boot()
#23 C:\\Users\\OWNER\\Desktop\\laravel_app\\BBS\\vendor\\laravel\\framework\\src\\Illuminate\\Foundation\\Application.php(309): Illuminate\\Foundation\\Bootstrap\\BootProviders->bootstrap(Object(Illuminate\\Foundation\\Application))
#24 C:\\Users\\OWNER\\Desktop\\laravel_app\\BBS\\vendor\\laravel\\framework\\src\\Illuminate\\Foundation\\Console\\Kernel.php(470): Illuminate\\Foundation\\Application->bootstrapWith(Array)
#25 C:\\Users\\OWNER\\Desktop\\laravel_app\\BBS\\vendor\\laravel\\framework\\src\\Illuminate\\Foundation\\Console\\Kernel.php(194): Illuminate\\Foundation\\Console\\Kernel->bootstrap()
#26 C:\\Users\\OWNER\\Desktop\\laravel_app\\BBS\\vendor\\laravel\\framework\\src\\Illuminate\\Foundation\\Application.php(1187): Illuminate\\Foundation\\Console\\Kernel->handle(Object(Symfony\\Component\\Console\\Input\\ArgvInput), Object(Symfony\\Component\\Console\\Output\\ConsoleOutput))
#27 C:\\Users\\OWNER\\Desktop\\laravel_app\\BBS\\artisan(13): Illuminate\\Foundation\\Application->handleCommand(Object(Symfony\\Component\\Console\\Input\\ArgvInput))
#28 {main}
"} 
[2024-05-21 22:09:11] local.ERROR: Please provide a valid cache path. {"exception":"[object] (InvalidArgumentException(code: 0): Please provide a valid cache path. at C:\\Users\\OWNER\\Desktop\\laravel_app\\BBS\\vendor\\laravel\\framework\\src\\Illuminate\\View\\Compilers\\Compiler.php:67)
[stacktrace]
#0 C:\\Users\\OWNER\\Desktop\\laravel_app\\BBS\\vendor\\laravel\\framework\\src\\Illuminate\\View\\ViewServiceProvider.php(96): Illuminate\\View\\Compilers\\Compiler->__construct(Object(Illuminate\\Filesystem\\Filesystem), false, '', true, 'php')
#1 C:\\Users\\OWNER\\Desktop\\laravel_app\\BBS\\vendor\\laravel\\framework\\src\\Illuminate\\Container\\Container.php(900): Illuminate\\View\\ViewServiceProvider->Illuminate\\View\\{closure}(Object(Illuminate\\Foundation\\Application), Array)
#2 C:\\Users\\OWNER\\Desktop\\laravel_app\\BBS\\vendor\\laravel\\framework\\src\\Illuminate\\Container\\Container.php(787): Illuminate\\Container\\Container->build(Object(Closure))
#3 C:\\Users\\OWNER\\Desktop\\laravel_app\\BBS\\vendor\\laravel\\framework\\src\\Illuminate\\Foundation\\Application.php(1030): Illuminate\\Container\\Container->resolve('blade.compiler', Array, true)
#4 C:\\Users\\OWNER\\Desktop\\laravel_app\\BBS\\vendor\\laravel\\framework\\src\\Illuminate\\Container\\Container.php(723): Illuminate\\Foundation\\Application->resolve('blade.compiler', Array)
#5 C:\\Users\\OWNER\\Desktop\\laravel_app\\BBS\\vendor\\laravel\\framework\\src\\Illuminate\\Foundation\\Application.php(1015): Illuminate\\Container\\Container->make('blade.compiler', Array)
#6 C:\\Users\\OWNER\\Desktop\\laravel_app\\BBS\\vendor\\laravel\\framework\\src\\Illuminate\\Container\\Container.php(1446): Illuminate\\Foundation\\Application->make('blade.compiler')
#7 C:\\Users\\OWNER\\Desktop\\laravel_app\\BBS\\vendor\\laravel\\framework\\src\\Illuminate\\Support\\Facades\\Facade.php(237): Illuminate\\Container\\Container->offsetGet('blade.compiler')
#8 C:\\Users\\OWNER\\Desktop\\laravel_app\\BBS\\vendor\\laravel\\framework\\src\\Illuminate\\Support\\Facades\\Facade.php(208): Illuminate\\Support\\Facades\\Facade::resolveFacadeInstance('blade.compiler')
#9 C:\\Users\\OWNER\\Desktop\\laravel_app\\BBS\\vendor\\laravel\\framework\\src\\Illuminate\\Support\\Facades\\Facade.php(351): Illuminate\\Support\\Facades\\Facade::getFacadeRoot()
#10 C:\\Users\\OWNER\\Desktop\\laravel_app\\BBS\\vendor\\livewire\\livewire\\src\\Mechanisms\\FrontendAssets\\FrontendAssets.php(30): Illuminate\\Support\\Facades\\Facade::__callStatic('directive', Array)
#11 C:\\Users\\OWNER\\Desktop\\laravel_app\\BBS\\vendor\\livewire\\livewire\\src\\LivewireServiceProvider.php(77): Livewire\\Mechanisms\\FrontendAssets\\FrontendAssets->boot()
#12 C:\\Users\\OWNER\\Desktop\\laravel_app\\BBS\\vendor\\livewire\\livewire\\src\\LivewireServiceProvider.php(19): Livewire\\LivewireServiceProvider->bootMechanisms()
#13 C:\\Users\\OWNER\\Desktop\\laravel_app\\BBS\\vendor\\laravel\\framework\\src\\Illuminate\\Container\\BoundMethod.php(36): Livewire\\LivewireServiceProvider->boot()
#14 C:\\Users\\OWNER\\Desktop\\laravel_app\\BBS\\vendor\\laravel\\framework\\src\\Illuminate\\Container\\Util.php(41): Illuminate\\Container\\BoundMethod::Illuminate\\Container\\{closure}()
#15 C:\\Users\\OWNER\\Desktop\\laravel_app\\BBS\\vendor\\laravel\\framework\\src\\Illuminate\\Container\\BoundMethod.php(93): Illuminate\\Container\\Util::unwrapIfClosure(Object(Closure))
#16 C:\\Users\\OWNER\\Desktop\\laravel_app\\BBS\\vendor\\laravel\\framework\\src\\Illuminate\\Container\\BoundMethod.php(35): Illuminate\\Container\\BoundMethod::callBoundMethod(Object(Illuminate\\Foundation\\Application), Array, Object(Closure))
#17 C:\\Users\\OWNER\\Desktop\\laravel_app\\BBS\\vendor\\laravel\\framework\\src\\Illuminate\\Container\\Container.php(662): Illuminate\\Container\\BoundMethod::call(Object(Illuminate\\Foundation\\Application), Array, Array, NULL)
#18 C:\\Users\\OWNER\\Desktop\\laravel_app\\BBS\\vendor\\laravel\\framework\\src\\Illuminate\\Foundation\\Application.php(1103): Illuminate\\Container\\Container->call(Array)
#19 C:\\Users\\OWNER\\Desktop\\laravel_app\\BBS\\vendor\\laravel\\framework\\src\\Illuminate\\Foundation\\Application.php(1084): Illuminate\\Foundation\\Application->bootProvider(Object(Livewire\\LivewireServiceProvider))
#20 [internal function]: Illuminate\\Foundation\\Application->Illuminate\\Foundation\\{closure}(Object(Livewire\\LivewireServiceProvider), 23)
#21 C:\\Users\\OWNER\\Desktop\\laravel_app\\BBS\\vendor\\laravel\\framework\\src\\Illuminate\\Foundation\\Application.php(1083): array_walk(Array, Object(Closure))
#22 C:\\Users\\OWNER\\Desktop\\laravel_app\\BBS\\vendor\\laravel\\framework\\src\\Illuminate\\Foundation\\Bootstrap\\BootProviders.php(17): Illuminate\\Foundation\\Application->boot()
#23 C:\\Users\\OWNER\\Desktop\\laravel_app\\BBS\\vendor\\laravel\\framework\\src\\Illuminate\\Foundation\\Application.php(309): Illuminate\\Foundation\\Bootstrap\\BootProviders->bootstrap(Object(Illuminate\\Foundation\\Application))
#24 C:\\Users\\OWNER\\Desktop\\laravel_app\\BBS\\vendor\\laravel\\framework\\src\\Illuminate\\Foundation\\Console\\Kernel.php(470): Illuminate\\Foundation\\Application->bootstrapWith(Array)
#25 C:\\Users\\OWNER\\Desktop\\laravel_app\\BBS\\vendor\\laravel\\framework\\src\\Illuminate\\Foundation\\Console\\Kernel.php(194): Illuminate\\Foundation\\Console\\Kernel->bootstrap()
#26 C:\\Users\\OWNER\\Desktop\\laravel_app\\BBS\\vendor\\laravel\\framework\\src\\Illuminate\\Foundation\\Application.php(1187): Illuminate\\Foundation\\Console\\Kernel->handle(Object(Symfony\\Component\\Console\\Input\\ArgvInput), Object(Symfony\\Component\\Console\\Output\\ConsoleOutput))
#27 C:\\Users\\OWNER\\Desktop\\laravel_app\\BBS\\artisan(13): Illuminate\\Foundation\\Application->handleCommand(Object(Symfony\\Component\\Console\\Input\\ArgvInput))
#28 {main}
"} 
[2024-05-21 22:09:47] local.ERROR: Please provide a valid cache path. {"exception":"[object] (InvalidArgumentException(code: 0): Please provide a valid cache path. at C:\\Users\\OWNER\\Desktop\\laravel_app\\BBS\\vendor\\laravel\\framework\\src\\Illuminate\\View\\Compilers\\Compiler.php:67)
[stacktrace]
#0 C:\\Users\\OWNER\\Desktop\\laravel_app\\BBS\\vendor\\laravel\\framework\\src\\Illuminate\\View\\ViewServiceProvider.php(96): Illuminate\\View\\Compilers\\Compiler->__construct(Object(Illuminate\\Filesystem\\Filesystem), false, '', true, 'php')
#1 C:\\Users\\OWNER\\Desktop\\laravel_app\\BBS\\vendor\\laravel\\framework\\src\\Illuminate\\Container\\Container.php(900): Illuminate\\View\\ViewServiceProvider->Illuminate\\View\\{closure}(Object(Illuminate\\Foundation\\Application), Array)
#2 C:\\Users\\OWNER\\Desktop\\laravel_app\\BBS\\vendor\\laravel\\framework\\src\\Illuminate\\Container\\Container.php(787): Illuminate\\Container\\Container->build(Object(Closure))
#3 C:\\Users\\OWNER\\Desktop\\laravel_app\\BBS\\vendor\\laravel\\framework\\src\\Illuminate\\Foundation\\Application.php(1030): Illuminate\\Container\\Container->resolve('blade.compiler', Array, true)
#4 C:\\Users\\OWNER\\Desktop\\laravel_app\\BBS\\vendor\\laravel\\framework\\src\\Illuminate\\Container\\Container.php(723): Illuminate\\Foundation\\Application->resolve('blade.compiler', Array)
#5 C:\\Users\\OWNER\\Desktop\\laravel_app\\BBS\\vendor\\laravel\\framework\\src\\Illuminate\\Foundation\\Application.php(1015): Illuminate\\Container\\Container->make('blade.compiler', Array)
#6 C:\\Users\\OWNER\\Desktop\\laravel_app\\BBS\\vendor\\laravel\\framework\\src\\Illuminate\\Container\\Container.php(1446): Illuminate\\Foundation\\Application->make('blade.compiler')
#7 C:\\Users\\OWNER\\Desktop\\laravel_app\\BBS\\vendor\\laravel\\framework\\src\\Illuminate\\Support\\Facades\\Facade.php(237): Illuminate\\Container\\Container->offsetGet('blade.compiler')
#8 C:\\Users\\OWNER\\Desktop\\laravel_app\\BBS\\vendor\\laravel\\framework\\src\\Illuminate\\Support\\Facades\\Facade.php(208): Illuminate\\Support\\Facades\\Facade::resolveFacadeInstance('blade.compiler')
#9 C:\\Users\\OWNER\\Desktop\\laravel_app\\BBS\\vendor\\laravel\\framework\\src\\Illuminate\\Support\\Facades\\Facade.php(351): Illuminate\\Support\\Facades\\Facade::getFacadeRoot()
#10 C:\\Users\\OWNER\\Desktop\\laravel_app\\BBS\\vendor\\livewire\\livewire\\src\\Mechanisms\\FrontendAssets\\FrontendAssets.php(30): Illuminate\\Support\\Facades\\Facade::__callStatic('directive', Array)
#11 C:\\Users\\OWNER\\Desktop\\laravel_app\\BBS\\vendor\\livewire\\livewire\\src\\LivewireServiceProvider.php(77): Livewire\\Mechanisms\\FrontendAssets\\FrontendAssets->boot()
#12 C:\\Users\\OWNER\\Desktop\\laravel_app\\BBS\\vendor\\livewire\\livewire\\src\\LivewireServiceProvider.php(19): Livewire\\LivewireServiceProvider->bootMechanisms()
#13 C:\\Users\\OWNER\\Desktop\\laravel_app\\BBS\\vendor\\laravel\\framework\\src\\Illuminate\\Container\\BoundMethod.php(36): Livewire\\LivewireServiceProvider->boot()
#14 C:\\Users\\OWNER\\Desktop\\laravel_app\\BBS\\vendor\\laravel\\framework\\src\\Illuminate\\Container\\Util.php(41): Illuminate\\Container\\BoundMethod::Illuminate\\Container\\{closure}()
#15 C:\\Users\\OWNER\\Desktop\\laravel_app\\BBS\\vendor\\laravel\\framework\\src\\Illuminate\\Container\\BoundMethod.php(93): Illuminate\\Container\\Util::unwrapIfClosure(Object(Closure))
#16 C:\\Users\\OWNER\\Desktop\\laravel_app\\BBS\\vendor\\laravel\\framework\\src\\Illuminate\\Container\\BoundMethod.php(35): Illuminate\\Container\\BoundMethod::callBoundMethod(Object(Illuminate\\Foundation\\Application), Array, Object(Closure))
#17 C:\\Users\\OWNER\\Desktop\\laravel_app\\BBS\\vendor\\laravel\\framework\\src\\Illuminate\\Container\\Container.php(662): Illuminate\\Container\\BoundMethod::call(Object(Illuminate\\Foundation\\Application), Array, Array, NULL)
#18 C:\\Users\\OWNER\\Desktop\\laravel_app\\BBS\\vendor\\laravel\\framework\\src\\Illuminate\\Foundation\\Application.php(1103): Illuminate\\Container\\Container->call(Array)
#19 C:\\Users\\OWNER\\Desktop\\laravel_app\\BBS\\vendor\\laravel\\framework\\src\\Illuminate\\Foundation\\Application.php(1084): Illuminate\\Foundation\\Application->bootProvider(Object(Livewire\\LivewireServiceProvider))
#20 [internal function]: Illuminate\\Foundation\\Application->Illuminate\\Foundation\\{closure}(Object(Livewire\\LivewireServiceProvider), 23)
#21 C:\\Users\\OWNER\\Desktop\\laravel_app\\BBS\\vendor\\laravel\\framework\\src\\Illuminate\\Foundation\\Application.php(1083): array_walk(Array, Object(Closure))
#22 C:\\Users\\OWNER\\Desktop\\laravel_app\\BBS\\vendor\\laravel\\framework\\src\\Illuminate\\Foundation\\Bootstrap\\BootProviders.php(17): Illuminate\\Foundation\\Application->boot()
#23 C:\\Users\\OWNER\\Desktop\\laravel_app\\BBS\\vendor\\laravel\\framework\\src\\Illuminate\\Foundation\\Application.php(309): Illuminate\\Foundation\\Bootstrap\\BootProviders->bootstrap(Object(Illuminate\\Foundation\\Application))
#24 C:\\Users\\OWNER\\Desktop\\laravel_app\\BBS\\vendor\\laravel\\framework\\src\\Illuminate\\Foundation\\Console\\Kernel.php(470): Illuminate\\Foundation\\Application->bootstrapWith(Array)
#25 C:\\Users\\OWNER\\Desktop\\laravel_app\\BBS\\vendor\\laravel\\framework\\src\\Illuminate\\Foundation\\Console\\Kernel.php(194): Illuminate\\Foundation\\Console\\Kernel->bootstrap()
#26 C:\\Users\\OWNER\\Desktop\\laravel_app\\BBS\\vendor\\laravel\\framework\\src\\Illuminate\\Foundation\\Application.php(1187): Illuminate\\Foundation\\Console\\Kernel->handle(Object(Symfony\\Component\\Console\\Input\\ArgvInput), Object(Symfony\\Component\\Console\\Output\\ConsoleOutput))
#27 C:\\Users\\OWNER\\Desktop\\laravel_app\\BBS\\artisan(13): Illuminate\\Foundation\\Application->handleCommand(Object(Symfony\\Component\\Console\\Input\\ArgvInput))
#28 {main}
"} 
[2024-05-21 22:09:47] local.ERROR: Please provide a valid cache path. {"exception":"[object] (InvalidArgumentException(code: 0): Please provide a valid cache path. at C:\\Users\\OWNER\\Desktop\\laravel_app\\BBS\\vendor\\laravel\\framework\\src\\Illuminate\\View\\Compilers\\Compiler.php:67)
[stacktrace]
#0 C:\\Users\\OWNER\\Desktop\\laravel_app\\BBS\\vendor\\laravel\\framework\\src\\Illuminate\\View\\ViewServiceProvider.php(96): Illuminate\\View\\Compilers\\Compiler->__construct(Object(Illuminate\\Filesystem\\Filesystem), false, '', true, 'php')
#1 C:\\Users\\OWNER\\Desktop\\laravel_app\\BBS\\vendor\\laravel\\framework\\src\\Illuminate\\Container\\Container.php(900): Illuminate\\View\\ViewServiceProvider->Illuminate\\View\\{closure}(Object(Illuminate\\Foundation\\Application), Array)
#2 C:\\Users\\OWNER\\Desktop\\laravel_app\\BBS\\vendor\\laravel\\framework\\src\\Illuminate\\Container\\Container.php(787): Illuminate\\Container\\Container->build(Object(Closure))
#3 C:\\Users\\OWNER\\Desktop\\laravel_app\\BBS\\vendor\\laravel\\framework\\src\\Illuminate\\Foundation\\Application.php(1030): Illuminate\\Container\\Container->resolve('blade.compiler', Array, true)
#4 C:\\Users\\OWNER\\Desktop\\laravel_app\\BBS\\vendor\\laravel\\framework\\src\\Illuminate\\Container\\Container.php(723): Illuminate\\Foundation\\Application->resolve('blade.compiler', Array)
#5 C:\\Users\\OWNER\\Desktop\\laravel_app\\BBS\\vendor\\laravel\\framework\\src\\Illuminate\\Foundation\\Application.php(1015): Illuminate\\Container\\Container->make('blade.compiler', Array)
#6 C:\\Users\\OWNER\\Desktop\\laravel_app\\BBS\\vendor\\laravel\\framework\\src\\Illuminate\\Container\\Container.php(1446): Illuminate\\Foundation\\Application->make('blade.compiler')
#7 C:\\Users\\OWNER\\Desktop\\laravel_app\\BBS\\vendor\\laravel\\framework\\src\\Illuminate\\Support\\Facades\\Facade.php(237): Illuminate\\Container\\Container->offsetGet('blade.compiler')
#8 C:\\Users\\OWNER\\Desktop\\laravel_app\\BBS\\vendor\\laravel\\framework\\src\\Illuminate\\Support\\Facades\\Facade.php(208): Illuminate\\Support\\Facades\\Facade::resolveFacadeInstance('blade.compiler')
#9 C:\\Users\\OWNER\\Desktop\\laravel_app\\BBS\\vendor\\laravel\\framework\\src\\Illuminate\\Support\\Facades\\Facade.php(351): Illuminate\\Support\\Facades\\Facade::getFacadeRoot()
#10 C:\\Users\\OWNER\\Desktop\\laravel_app\\BBS\\vendor\\livewire\\livewire\\src\\Mechanisms\\FrontendAssets\\FrontendAssets.php(30): Illuminate\\Support\\Facades\\Facade::__callStatic('directive', Array)
#11 C:\\Users\\OWNER\\Desktop\\laravel_app\\BBS\\vendor\\livewire\\livewire\\src\\LivewireServiceProvider.php(77): Livewire\\Mechanisms\\FrontendAssets\\FrontendAssets->boot()
#12 C:\\Users\\OWNER\\Desktop\\laravel_app\\BBS\\vendor\\livewire\\livewire\\src\\LivewireServiceProvider.php(19): Livewire\\LivewireServiceProvider->bootMechanisms()
#13 C:\\Users\\OWNER\\Desktop\\laravel_app\\BBS\\vendor\\laravel\\framework\\src\\Illuminate\\Container\\BoundMethod.php(36): Livewire\\LivewireServiceProvider->boot()
#14 C:\\Users\\OWNER\\Desktop\\laravel_app\\BBS\\vendor\\laravel\\framework\\src\\Illuminate\\Container\\Util.php(41): Illuminate\\Container\\BoundMethod::Illuminate\\Container\\{closure}()
#15 C:\\Users\\OWNER\\Desktop\\laravel_app\\BBS\\vendor\\laravel\\framework\\src\\Illuminate\\Container\\BoundMethod.php(93): Illuminate\\Container\\Util::unwrapIfClosure(Object(Closure))
#16 C:\\Users\\OWNER\\Desktop\\laravel_app\\BBS\\vendor\\laravel\\framework\\src\\Illuminate\\Container\\BoundMethod.php(35): Illuminate\\Container\\BoundMethod::callBoundMethod(Object(Illuminate\\Foundation\\Application), Array, Object(Closure))
#17 C:\\Users\\OWNER\\Desktop\\laravel_app\\BBS\\vendor\\laravel\\framework\\src\\Illuminate\\Container\\Container.php(662): Illuminate\\Container\\BoundMethod::call(Object(Illuminate\\Foundation\\Application), Array, Array, NULL)
#18 C:\\Users\\OWNER\\Desktop\\laravel_app\\BBS\\vendor\\laravel\\framework\\src\\Illuminate\\Foundation\\Application.php(1103): Illuminate\\Container\\Container->call(Array)
#19 C:\\Users\\OWNER\\Desktop\\laravel_app\\BBS\\vendor\\laravel\\framework\\src\\Illuminate\\Foundation\\Application.php(1084): Illuminate\\Foundation\\Application->bootProvider(Object(Livewire\\LivewireServiceProvider))
#20 [internal function]: Illuminate\\Foundation\\Application->Illuminate\\Foundation\\{closure}(Object(Livewire\\LivewireServiceProvider), 23)
#21 C:\\Users\\OWNER\\Desktop\\laravel_app\\BBS\\vendor\\laravel\\framework\\src\\Illuminate\\Foundation\\Application.php(1083): array_walk(Array, Object(Closure))
#22 C:\\Users\\OWNER\\Desktop\\laravel_app\\BBS\\vendor\\laravel\\framework\\src\\Illuminate\\Foundation\\Bootstrap\\BootProviders.php(17): Illuminate\\Foundation\\Application->boot()
#23 C:\\Users\\OWNER\\Desktop\\laravel_app\\BBS\\vendor\\laravel\\framework\\src\\Illuminate\\Foundation\\Application.php(309): Illuminate\\Foundation\\Bootstrap\\BootProviders->bootstrap(Object(Illuminate\\Foundation\\Application))
#24 C:\\Users\\OWNER\\Desktop\\laravel_app\\BBS\\vendor\\laravel\\framework\\src\\Illuminate\\Foundation\\Console\\Kernel.php(470): Illuminate\\Foundation\\Application->bootstrapWith(Array)
#25 C:\\Users\\OWNER\\Desktop\\laravel_app\\BBS\\vendor\\laravel\\framework\\src\\Illuminate\\Foundation\\Console\\Kernel.php(194): Illuminate\\Foundation\\Console\\Kernel->bootstrap()
#26 C:\\Users\\OWNER\\Desktop\\laravel_app\\BBS\\vendor\\laravel\\framework\\src\\Illuminate\\Foundation\\Application.php(1187): Illuminate\\Foundation\\Console\\Kernel->handle(Object(Symfony\\Component\\Console\\Input\\ArgvInput), Object(Symfony\\Component\\Console\\Output\\ConsoleOutput))
#27 C:\\Users\\OWNER\\Desktop\\laravel_app\\BBS\\artisan(13): Illuminate\\Foundation\\Application->handleCommand(Object(Symfony\\Component\\Console\\Input\\ArgvInput))
#28 {main}
"} 
[2024-05-21 22:09:48] local.ERROR: Please provide a valid cache path. {"exception":"[object] (InvalidArgumentException(code: 0): Please provide a valid cache path. at C:\\Users\\OWNER\\Desktop\\laravel_app\\BBS\\vendor\\laravel\\framework\\src\\Illuminate\\View\\Compilers\\Compiler.php:67)
[stacktrace]
#0 C:\\Users\\OWNER\\Desktop\\laravel_app\\BBS\\vendor\\laravel\\framework\\src\\Illuminate\\View\\ViewServiceProvider.php(96): Illuminate\\View\\Compilers\\Compiler->__construct(Object(Illuminate\\Filesystem\\Filesystem), false, '', true, 'php')
#1 C:\\Users\\OWNER\\Desktop\\laravel_app\\BBS\\vendor\\laravel\\framework\\src\\Illuminate\\Container\\Container.php(900): Illuminate\\View\\ViewServiceProvider->Illuminate\\View\\{closure}(Object(Illuminate\\Foundation\\Application), Array)
#2 C:\\Users\\OWNER\\Desktop\\laravel_app\\BBS\\vendor\\laravel\\framework\\src\\Illuminate\\Container\\Container.php(787): Illuminate\\Container\\Container->build(Object(Closure))
#3 C:\\Users\\OWNER\\Desktop\\laravel_app\\BBS\\vendor\\laravel\\framework\\src\\Illuminate\\Foundation\\Application.php(1030): Illuminate\\Container\\Container->resolve('blade.compiler', Array, true)
#4 C:\\Users\\OWNER\\Desktop\\laravel_app\\BBS\\vendor\\laravel\\framework\\src\\Illuminate\\Container\\Container.php(723): Illuminate\\Foundation\\Application->resolve('blade.compiler', Array)
#5 C:\\Users\\OWNER\\Desktop\\laravel_app\\BBS\\vendor\\laravel\\framework\\src\\Illuminate\\Foundation\\Application.php(1015): Illuminate\\Container\\Container->make('blade.compiler', Array)
#6 C:\\Users\\OWNER\\Desktop\\laravel_app\\BBS\\vendor\\laravel\\framework\\src\\Illuminate\\Container\\Container.php(1446): Illuminate\\Foundation\\Application->make('blade.compiler')
#7 C:\\Users\\OWNER\\Desktop\\laravel_app\\BBS\\vendor\\laravel\\framework\\src\\Illuminate\\Support\\Facades\\Facade.php(237): Illuminate\\Container\\Container->offsetGet('blade.compiler')
#8 C:\\Users\\OWNER\\Desktop\\laravel_app\\BBS\\vendor\\laravel\\framework\\src\\Illuminate\\Support\\Facades\\Facade.php(208): Illuminate\\Support\\Facades\\Facade::resolveFacadeInstance('blade.compiler')
#9 C:\\Users\\OWNER\\Desktop\\laravel_app\\BBS\\vendor\\laravel\\framework\\src\\Illuminate\\Support\\Facades\\Facade.php(351): Illuminate\\Support\\Facades\\Facade::getFacadeRoot()
#10 C:\\Users\\OWNER\\Desktop\\laravel_app\\BBS\\vendor\\livewire\\livewire\\src\\Mechanisms\\FrontendAssets\\FrontendAssets.php(30): Illuminate\\Support\\Facades\\Facade::__callStatic('directive', Array)
#11 C:\\Users\\OWNER\\Desktop\\laravel_app\\BBS\\vendor\\livewire\\livewire\\src\\LivewireServiceProvider.php(77): Livewire\\Mechanisms\\FrontendAssets\\FrontendAssets->boot()
#12 C:\\Users\\OWNER\\Desktop\\laravel_app\\BBS\\vendor\\livewire\\livewire\\src\\LivewireServiceProvider.php(19): Livewire\\LivewireServiceProvider->bootMechanisms()
#13 C:\\Users\\OWNER\\Desktop\\laravel_app\\BBS\\vendor\\laravel\\framework\\src\\Illuminate\\Container\\BoundMethod.php(36): Livewire\\LivewireServiceProvider->boot()
#14 C:\\Users\\OWNER\\Desktop\\laravel_app\\BBS\\vendor\\laravel\\framework\\src\\Illuminate\\Container\\Util.php(41): Illuminate\\Container\\BoundMethod::Illuminate\\Container\\{closure}()
#15 C:\\Users\\OWNER\\Desktop\\laravel_app\\BBS\\vendor\\laravel\\framework\\src\\Illuminate\\Container\\BoundMethod.php(93): Illuminate\\Container\\Util::unwrapIfClosure(Object(Closure))
#16 C:\\Users\\OWNER\\Desktop\\laravel_app\\BBS\\vendor\\laravel\\framework\\src\\Illuminate\\Container\\BoundMethod.php(35): Illuminate\\Container\\BoundMethod::callBoundMethod(Object(Illuminate\\Foundation\\Application), Array, Object(Closure))
#17 C:\\Users\\OWNER\\Desktop\\laravel_app\\BBS\\vendor\\laravel\\framework\\src\\Illuminate\\Container\\Container.php(662): Illuminate\\Container\\BoundMethod::call(Object(Illuminate\\Foundation\\Application), Array, Array, NULL)
#18 C:\\Users\\OWNER\\Desktop\\laravel_app\\BBS\\vendor\\laravel\\framework\\src\\Illuminate\\Foundation\\Application.php(1103): Illuminate\\Container\\Container->call(Array)
#19 C:\\Users\\OWNER\\Desktop\\laravel_app\\BBS\\vendor\\laravel\\framework\\src\\Illuminate\\Foundation\\Application.php(1084): Illuminate\\Foundation\\Application->bootProvider(Object(Livewire\\LivewireServiceProvider))
#20 [internal function]: Illuminate\\Foundation\\Application->Illuminate\\Foundation\\{closure}(Object(Livewire\\LivewireServiceProvider), 23)
#21 C:\\Users\\OWNER\\Desktop\\laravel_app\\BBS\\vendor\\laravel\\framework\\src\\Illuminate\\Foundation\\Application.php(1083): array_walk(Array, Object(Closure))
#22 C:\\Users\\OWNER\\Desktop\\laravel_app\\BBS\\vendor\\laravel\\framework\\src\\Illuminate\\Foundation\\Bootstrap\\BootProviders.php(17): Illuminate\\Foundation\\Application->boot()
#23 C:\\Users\\OWNER\\Desktop\\laravel_app\\BBS\\vendor\\laravel\\framework\\src\\Illuminate\\Foundation\\Application.php(309): Illuminate\\Foundation\\Bootstrap\\BootProviders->bootstrap(Object(Illuminate\\Foundation\\Application))
#24 C:\\Users\\OWNER\\Desktop\\laravel_app\\BBS\\vendor\\laravel\\framework\\src\\Illuminate\\Foundation\\Console\\Kernel.php(470): Illuminate\\Foundation\\Application->bootstrapWith(Array)
#25 C:\\Users\\OWNER\\Desktop\\laravel_app\\BBS\\vendor\\laravel\\framework\\src\\Illuminate\\Foundation\\Console\\Kernel.php(194): Illuminate\\Foundation\\Console\\Kernel->bootstrap()
#26 C:\\Users\\OWNER\\Desktop\\laravel_app\\BBS\\vendor\\laravel\\framework\\src\\Illuminate\\Foundation\\Application.php(1187): Illuminate\\Foundation\\Console\\Kernel->handle(Object(Symfony\\Component\\Console\\Input\\ArgvInput), Object(Symfony\\Component\\Console\\Output\\ConsoleOutput))
#27 C:\\Users\\OWNER\\Desktop\\laravel_app\\BBS\\artisan(13): Illuminate\\Foundation\\Application->handleCommand(Object(Symfony\\Component\\Console\\Input\\ArgvInput))
#28 {main}
"} 
[2024-05-21 22:09:48] local.ERROR: Please provide a valid cache path. {"exception":"[object] (InvalidArgumentException(code: 0): Please provide a valid cache path. at C:\\Users\\OWNER\\Desktop\\laravel_app\\BBS\\vendor\\laravel\\framework\\src\\Illuminate\\View\\Compilers\\Compiler.php:67)
[stacktrace]
#0 C:\\Users\\OWNER\\Desktop\\laravel_app\\BBS\\vendor\\laravel\\framework\\src\\Illuminate\\View\\ViewServiceProvider.php(96): Illuminate\\View\\Compilers\\Compiler->__construct(Object(Illuminate\\Filesystem\\Filesystem), false, '', true, 'php')
#1 C:\\Users\\OWNER\\Desktop\\laravel_app\\BBS\\vendor\\laravel\\framework\\src\\Illuminate\\Container\\Container.php(900): Illuminate\\View\\ViewServiceProvider->Illuminate\\View\\{closure}(Object(Illuminate\\Foundation\\Application), Array)
#2 C:\\Users\\OWNER\\Desktop\\laravel_app\\BBS\\vendor\\laravel\\framework\\src\\Illuminate\\Container\\Container.php(787): Illuminate\\Container\\Container->build(Object(Closure))
#3 C:\\Users\\OWNER\\Desktop\\laravel_app\\BBS\\vendor\\laravel\\framework\\src\\Illuminate\\Foundation\\Application.php(1030): Illuminate\\Container\\Container->resolve('blade.compiler', Array, true)
#4 C:\\Users\\OWNER\\Desktop\\laravel_app\\BBS\\vendor\\laravel\\framework\\src\\Illuminate\\Container\\Container.php(723): Illuminate\\Foundation\\Application->resolve('blade.compiler', Array)
#5 C:\\Users\\OWNER\\Desktop\\laravel_app\\BBS\\vendor\\laravel\\framework\\src\\Illuminate\\Foundation\\Application.php(1015): Illuminate\\Container\\Container->make('blade.compiler', Array)
#6 C:\\Users\\OWNER\\Desktop\\laravel_app\\BBS\\vendor\\laravel\\framework\\src\\Illuminate\\Container\\Container.php(1446): Illuminate\\Foundation\\Application->make('blade.compiler')
#7 C:\\Users\\OWNER\\Desktop\\laravel_app\\BBS\\vendor\\laravel\\framework\\src\\Illuminate\\Support\\Facades\\Facade.php(237): Illuminate\\Container\\Container->offsetGet('blade.compiler')
#8 C:\\Users\\OWNER\\Desktop\\laravel_app\\BBS\\vendor\\laravel\\framework\\src\\Illuminate\\Support\\Facades\\Facade.php(208): Illuminate\\Support\\Facades\\Facade::resolveFacadeInstance('blade.compiler')
#9 C:\\Users\\OWNER\\Desktop\\laravel_app\\BBS\\vendor\\laravel\\framework\\src\\Illuminate\\Support\\Facades\\Facade.php(351): Illuminate\\Support\\Facades\\Facade::getFacadeRoot()
#10 C:\\Users\\OWNER\\Desktop\\laravel_app\\BBS\\vendor\\livewire\\livewire\\src\\Mechanisms\\FrontendAssets\\FrontendAssets.php(30): Illuminate\\Support\\Facades\\Facade::__callStatic('directive', Array)
#11 C:\\Users\\OWNER\\Desktop\\laravel_app\\BBS\\vendor\\livewire\\livewire\\src\\LivewireServiceProvider.php(77): Livewire\\Mechanisms\\FrontendAssets\\FrontendAssets->boot()
#12 C:\\Users\\OWNER\\Desktop\\laravel_app\\BBS\\vendor\\livewire\\livewire\\src\\LivewireServiceProvider.php(19): Livewire\\LivewireServiceProvider->bootMechanisms()
#13 C:\\Users\\OWNER\\Desktop\\laravel_app\\BBS\\vendor\\laravel\\framework\\src\\Illuminate\\Container\\BoundMethod.php(36): Livewire\\LivewireServiceProvider->boot()
#14 C:\\Users\\OWNER\\Desktop\\laravel_app\\BBS\\vendor\\laravel\\framework\\src\\Illuminate\\Container\\Util.php(41): Illuminate\\Container\\BoundMethod::Illuminate\\Container\\{closure}()
#15 C:\\Users\\OWNER\\Desktop\\laravel_app\\BBS\\vendor\\laravel\\framework\\src\\Illuminate\\Container\\BoundMethod.php(93): Illuminate\\Container\\Util::unwrapIfClosure(Object(Closure))
#16 C:\\Users\\OWNER\\Desktop\\laravel_app\\BBS\\vendor\\laravel\\framework\\src\\Illuminate\\Container\\BoundMethod.php(35): Illuminate\\Container\\BoundMethod::callBoundMethod(Object(Illuminate\\Foundation\\Application), Array, Object(Closure))
#17 C:\\Users\\OWNER\\Desktop\\laravel_app\\BBS\\vendor\\laravel\\framework\\src\\Illuminate\\Container\\Container.php(662): Illuminate\\Container\\BoundMethod::call(Object(Illuminate\\Foundation\\Application), Array, Array, NULL)
#18 C:\\Users\\OWNER\\Desktop\\laravel_app\\BBS\\vendor\\laravel\\framework\\src\\Illuminate\\Foundation\\Application.php(1103): Illuminate\\Container\\Container->call(Array)
#19 C:\\Users\\OWNER\\Desktop\\laravel_app\\BBS\\vendor\\laravel\\framework\\src\\Illuminate\\Foundation\\Application.php(1084): Illuminate\\Foundation\\Application->bootProvider(Object(Livewire\\LivewireServiceProvider))
#20 [internal function]: Illuminate\\Foundation\\Application->Illuminate\\Foundation\\{closure}(Object(Livewire\\LivewireServiceProvider), 23)
#21 C:\\Users\\OWNER\\Desktop\\laravel_app\\BBS\\vendor\\laravel\\framework\\src\\Illuminate\\Foundation\\Application.php(1083): array_walk(Array, Object(Closure))
#22 C:\\Users\\OWNER\\Desktop\\laravel_app\\BBS\\vendor\\laravel\\framework\\src\\Illuminate\\Foundation\\Bootstrap\\BootProviders.php(17): Illuminate\\Foundation\\Application->boot()
#23 C:\\Users\\OWNER\\Desktop\\laravel_app\\BBS\\vendor\\laravel\\framework\\src\\Illuminate\\Foundation\\Application.php(309): Illuminate\\Foundation\\Bootstrap\\BootProviders->bootstrap(Object(Illuminate\\Foundation\\Application))
#24 C:\\Users\\OWNER\\Desktop\\laravel_app\\BBS\\vendor\\laravel\\framework\\src\\Illuminate\\Foundation\\Console\\Kernel.php(470): Illuminate\\Foundation\\Application->bootstrapWith(Array)
#25 C:\\Users\\OWNER\\Desktop\\laravel_app\\BBS\\vendor\\laravel\\framework\\src\\Illuminate\\Foundation\\Console\\Kernel.php(194): Illuminate\\Foundation\\Console\\Kernel->bootstrap()
#26 C:\\Users\\OWNER\\Desktop\\laravel_app\\BBS\\vendor\\laravel\\framework\\src\\Illuminate\\Foundation\\Application.php(1187): Illuminate\\Foundation\\Console\\Kernel->handle(Object(Symfony\\Component\\Console\\Input\\ArgvInput), Object(Symfony\\Component\\Console\\Output\\ConsoleOutput))
#27 C:\\Users\\OWNER\\Desktop\\laravel_app\\BBS\\artisan(13): Illuminate\\Foundation\\Application->handleCommand(Object(Symfony\\Component\\Console\\Input\\ArgvInput))
#28 {main}
"} 
[2024-05-21 22:11:26] local.ERROR: SQLSTATE[42S22]: Column not found: 1054 Unknown column 'image_url' in 'field list' (Connection: mysql, SQL: insert into `posts` (`user_id`, `title`, `content`, `image_url`) values (1, a, a, /storage/NJ6R0Dl7YqN3WqFQfy7Ma0d7icbQEowYBmz0xEMZ.jpg)) {"userId":1,"exception":"[object] (Illuminate\\Database\\QueryException(code: 42S22): SQLSTATE[42S22]: Column not found: 1054 Unknown column 'image_url' in 'field list' (Connection: mysql, SQL: insert into `posts` (`user_id`, `title`, `content`, `image_url`) values (1, a, a, /storage/NJ6R0Dl7YqN3WqFQfy7Ma0d7icbQEowYBmz0xEMZ.jpg)) at C:\\Users\\OWNER\\Desktop\\laravel_app\\BBS\\vendor\\laravel\\framework\\src\\Illuminate\\Database\\Connection.php:813)
[stacktrace]
#0 C:\\Users\\OWNER\\Desktop\\laravel_app\\BBS\\vendor\\laravel\\framework\\src\\Illuminate\\Database\\Connection.php(767): Illuminate\\Database\\Connection->runQueryCallback('insert into `po...', Array, Object(Closure))
#1 C:\\Users\\OWNER\\Desktop\\laravel_app\\BBS\\vendor\\laravel\\framework\\src\\Illuminate\\Database\\Connection.php(560): Illuminate\\Database\\Connection->run('insert into `po...', Array, Object(Closure))
#2 C:\\Users\\OWNER\\Desktop\\laravel_app\\BBS\\vendor\\laravel\\framework\\src\\Illuminate\\Database\\Connection.php(524): Illuminate\\Database\\Connection->statement('insert into `po...', Array)
#3 C:\\Users\\OWNER\\Desktop\\laravel_app\\BBS\\vendor\\laravel\\framework\\src\\Illuminate\\Database\\Query\\Processors\\Processor.php(32): Illuminate\\Database\\Connection->insert('insert into `po...', Array)
#4 C:\\Users\\OWNER\\Desktop\\laravel_app\\BBS\\vendor\\laravel\\framework\\src\\Illuminate\\Database\\Query\\Builder.php(3659): Illuminate\\Database\\Query\\Processors\\Processor->processInsertGetId(Object(Illuminate\\Database\\Query\\Builder), 'insert into `po...', Array, NULL)
#5 C:\\Users\\OWNER\\Desktop\\laravel_app\\BBS\\vendor\\laravel\\framework\\src\\Illuminate\\Database\\Eloquent\\Builder.php(2026): Illuminate\\Database\\Query\\Builder->insertGetId(Array)
#6 C:\\Users\\OWNER\\Desktop\\laravel_app\\BBS\\vendor\\laravel\\framework\\src\\Illuminate\\Support\\Traits\\ForwardsCalls.php(23): Illuminate\\Database\\Eloquent\\Builder->__call('insertGetId', Array)
#7 C:\\Users\\OWNER\\Desktop\\laravel_app\\BBS\\vendor\\laravel\\framework\\src\\Illuminate\\Database\\Eloquent\\Model.php(2340): Illuminate\\Database\\Eloquent\\Model->forwardCallTo(Object(Illuminate\\Database\\Eloquent\\Builder), 'insertGetId', Array)
#8 C:\\Users\\OWNER\\Desktop\\laravel_app\\BBS\\vendor\\laravel\\framework\\src\\Illuminate\\Database\\Eloquent\\Model.php(2352): Illuminate\\Database\\Eloquent\\Model->__call('insertGetId', Array)
#9 C:\\Users\\OWNER\\Desktop\\laravel_app\\BBS\\app\\Http\\Controllers\\PostController.php(33): Illuminate\\Database\\Eloquent\\Model::__callStatic('insertGetId', Array)
#10 C:\\Users\\OWNER\\Desktop\\laravel_app\\BBS\\vendor\\laravel\\framework\\src\\Illuminate\\Routing\\ControllerDispatcher.php(46): App\\Http\\Controllers\\PostController->store(Object(Illuminate\\Http\\Request))
#11 C:\\Users\\OWNER\\Desktop\\laravel_app\\BBS\\vendor\\laravel\\framework\\src\\Illuminate\\Routing\\Route.php(260): Illuminate\\Routing\\ControllerDispatcher->dispatch(Object(Illuminate\\Routing\\Route), Object(App\\Http\\Controllers\\PostController), 'store')
#12 C:\\Users\\OWNER\\Desktop\\laravel_app\\BBS\\vendor\\laravel\\framework\\src\\Illuminate\\Routing\\Route.php(206): Illuminate\\Routing\\Route->runController()
#13 C:\\Users\\OWNER\\Desktop\\laravel_app\\BBS\\vendor\\laravel\\framework\\src\\Illuminate\\Routing\\Router.php(806): Illuminate\\Routing\\Route->run()
#14 C:\\Users\\OWNER\\Desktop\\laravel_app\\BBS\\vendor\\laravel\\framework\\src\\Illuminate\\Pipeline\\Pipeline.php(144): Illuminate\\Routing\\Router->Illuminate\\Routing\\{closure}(Object(Illuminate\\Http\\Request))
#15 C:\\Users\\OWNER\\Desktop\\laravel_app\\BBS\\vendor\\laravel\\framework\\src\\Illuminate\\Auth\\Middleware\\EnsureEmailIsVerified.php(41): Illuminate\\Pipeline\\Pipeline->Illuminate\\Pipeline\\{closure}(Object(Illuminate\\Http\\Request))
#16 C:\\Users\\OWNER\\Desktop\\laravel_app\\BBS\\vendor\\laravel\\framework\\src\\Illuminate\\Pipeline\\Pipeline.php(183): Illuminate\\Auth\\Middleware\\EnsureEmailIsVerified->handle(Object(Illuminate\\Http\\Request), Object(Closure))
#17 C:\\Users\\OWNER\\Desktop\\laravel_app\\BBS\\vendor\\laravel\\framework\\src\\Illuminate\\Routing\\Middleware\\SubstituteBindings.php(50): Illuminate\\Pipeline\\Pipeline->Illuminate\\Pipeline\\{closure}(Object(Illuminate\\Http\\Request))
#18 C:\\Users\\OWNER\\Desktop\\laravel_app\\BBS\\vendor\\laravel\\framework\\src\\Illuminate\\Pipeline\\Pipeline.php(183): Illuminate\\Routing\\Middleware\\SubstituteBindings->handle(Object(Illuminate\\Http\\Request), Object(Closure))
#19 C:\\Users\\OWNER\\Desktop\\laravel_app\\BBS\\vendor\\laravel\\framework\\src\\Illuminate\\Session\\Middleware\\AuthenticateSession.php(67): Illuminate\\Pipeline\\Pipeline->Illuminate\\Pipeline\\{closure}(Object(Illuminate\\Http\\Request))
#20 C:\\Users\\OWNER\\Desktop\\laravel_app\\BBS\\vendor\\laravel\\framework\\src\\Illuminate\\Pipeline\\Pipeline.php(183): Illuminate\\Session\\Middleware\\AuthenticateSession->handle(Object(Illuminate\\Http\\Request), Object(Closure))
#21 C:\\Users\\OWNER\\Desktop\\laravel_app\\BBS\\vendor\\laravel\\framework\\src\\Illuminate\\Auth\\Middleware\\Authenticate.php(64): Illuminate\\Pipeline\\Pipeline->Illuminate\\Pipeline\\{closure}(Object(Illuminate\\Http\\Request))
#22 C:\\Users\\OWNER\\Desktop\\laravel_app\\BBS\\vendor\\laravel\\framework\\src\\Illuminate\\Pipeline\\Pipeline.php(183): Illuminate\\Auth\\Middleware\\Authenticate->handle(Object(Illuminate\\Http\\Request), Object(Closure), 'sanctum')
#23 C:\\Users\\OWNER\\Desktop\\laravel_app\\BBS\\vendor\\laravel\\framework\\src\\Illuminate\\Foundation\\Http\\Middleware\\VerifyCsrfToken.php(88): Illuminate\\Pipeline\\Pipeline->Illuminate\\Pipeline\\{closure}(Object(Illuminate\\Http\\Request))
#24 C:\\Users\\OWNER\\Desktop\\laravel_app\\BBS\\vendor\\laravel\\framework\\src\\Illuminate\\Pipeline\\Pipeline.php(183): Illuminate\\Foundation\\Http\\Middleware\\VerifyCsrfToken->handle(Object(Illuminate\\Http\\Request), Object(Closure))
#25 C:\\Users\\OWNER\\Desktop\\laravel_app\\BBS\\vendor\\laravel\\framework\\src\\Illuminate\\View\\Middleware\\ShareErrorsFromSession.php(49): Illuminate\\Pipeline\\Pipeline->Illuminate\\Pipeline\\{closure}(Object(Illuminate\\Http\\Request))
#26 C:\\Users\\OWNER\\Desktop\\laravel_app\\BBS\\vendor\\laravel\\framework\\src\\Illuminate\\Pipeline\\Pipeline.php(183): Illuminate\\View\\Middleware\\ShareErrorsFromSession->handle(Object(Illuminate\\Http\\Request), Object(Closure))
#27 C:\\Users\\OWNER\\Desktop\\laravel_app\\BBS\\vendor\\laravel\\framework\\src\\Illuminate\\Session\\Middleware\\StartSession.php(121): Illuminate\\Pipeline\\Pipeline->Illuminate\\Pipeline\\{closure}(Object(Illuminate\\Http\\Request))
#28 C:\\Users\\OWNER\\Desktop\\laravel_app\\BBS\\vendor\\laravel\\framework\\src\\Illuminate\\Session\\Middleware\\StartSession.php(64): Illuminate\\Session\\Middleware\\StartSession->handleStatefulRequest(Object(Illuminate\\Http\\Request), Object(Illuminate\\Session\\Store), Object(Closure))
#29 C:\\Users\\OWNER\\Desktop\\laravel_app\\BBS\\vendor\\laravel\\framework\\src\\Illuminate\\Pipeline\\Pipeline.php(183): Illuminate\\Session\\Middleware\\StartSession->handle(Object(Illuminate\\Http\\Request), Object(Closure))
#30 C:\\Users\\OWNER\\Desktop\\laravel_app\\BBS\\vendor\\laravel\\framework\\src\\Illuminate\\Cookie\\Middleware\\AddQueuedCookiesToResponse.php(37): Illuminate\\Pipeline\\Pipeline->Illuminate\\Pipeline\\{closure}(Object(Illuminate\\Http\\Request))
#31 C:\\Users\\OWNER\\Desktop\\laravel_app\\BBS\\vendor\\laravel\\framework\\src\\Illuminate\\Pipeline\\Pipeline.php(183): Illuminate\\Cookie\\Middleware\\AddQueuedCookiesToResponse->handle(Object(Illuminate\\Http\\Request), Object(Closure))
#32 C:\\Users\\OWNER\\Desktop\\laravel_app\\BBS\\vendor\\laravel\\framework\\src\\Illuminate\\Cookie\\Middleware\\EncryptCookies.php(75): Illuminate\\Pipeline\\Pipeline->Illuminate\\Pipeline\\{closure}(Object(Illuminate\\Http\\Request))
#33 C:\\Users\\OWNER\\Desktop\\laravel_app\\BBS\\vendor\\laravel\\framework\\src\\Illuminate\\Pipeline\\Pipeline.php(183): Illuminate\\Cookie\\Middleware\\EncryptCookies->handle(Object(Illuminate\\Http\\Request), Object(Closure))
#34 C:\\Users\\OWNER\\Desktop\\laravel_app\\BBS\\vendor\\laravel\\framework\\src\\Illuminate\\Pipeline\\Pipeline.php(119): Illuminate\\Pipeline\\Pipeline->Illuminate\\Pipeline\\{closure}(Object(Illuminate\\Http\\Request))
#35 C:\\Users\\OWNER\\Desktop\\laravel_app\\BBS\\vendor\\laravel\\framework\\src\\Illuminate\\Routing\\Router.php(805): Illuminate\\Pipeline\\Pipeline->then(Object(Closure))
#36 C:\\Users\\OWNER\\Desktop\\laravel_app\\BBS\\vendor\\laravel\\framework\\src\\Illuminate\\Routing\\Router.php(784): Illuminate\\Routing\\Router->runRouteWithinStack(Object(Illuminate\\Routing\\Route), Object(Illuminate\\Http\\Request))
#37 C:\\Users\\OWNER\\Desktop\\laravel_app\\BBS\\vendor\\laravel\\framework\\src\\Illuminate\\Routing\\Router.php(748): Illuminate\\Routing\\Router->runRoute(Object(Illuminate\\Http\\Request), Object(Illuminate\\Routing\\Route))
#38 C:\\Users\\OWNER\\Desktop\\laravel_app\\BBS\\vendor\\laravel\\framework\\src\\Illuminate\\Routing\\Router.php(737): Illuminate\\Routing\\Router->dispatchToRoute(Object(Illuminate\\Http\\Request))
#39 C:\\Users\\OWNER\\Desktop\\laravel_app\\BBS\\vendor\\laravel\\framework\\src\\Illuminate\\Foundation\\Http\\Kernel.php(200): Illuminate\\Routing\\Router->dispatch(Object(Illuminate\\Http\\Request))
#40 C:\\Users\\OWNER\\Desktop\\laravel_app\\BBS\\vendor\\laravel\\framework\\src\\Illuminate\\Pipeline\\Pipeline.php(144): Illuminate\\Foundation\\Http\\Kernel->Illuminate\\Foundation\\Http\\{closure}(Object(Illuminate\\Http\\Request))
#41 C:\\Users\\OWNER\\Desktop\\laravel_app\\BBS\\vendor\\livewire\\livewire\\src\\Features\\SupportDisablingBackButtonCache\\DisableBackButtonCacheMiddleware.php(19): Illuminate\\Pipeline\\Pipeline->Illuminate\\Pipeline\\{closure}(Object(Illuminate\\Http\\Request))
#42 C:\\Users\\OWNER\\Desktop\\laravel_app\\BBS\\vendor\\laravel\\framework\\src\\Illuminate\\Pipeline\\Pipeline.php(183): Livewire\\Features\\SupportDisablingBackButtonCache\\DisableBackButtonCacheMiddleware->handle(Object(Illuminate\\Http\\Request), Object(Closure))
#43 C:\\Users\\OWNER\\Desktop\\laravel_app\\BBS\\vendor\\laravel\\framework\\src\\Illuminate\\Foundation\\Http\\Middleware\\TransformsRequest.php(21): Illuminate\\Pipeline\\Pipeline->Illuminate\\Pipeline\\{closure}(Object(Illuminate\\Http\\Request))
#44 C:\\Users\\OWNER\\Desktop\\laravel_app\\BBS\\vendor\\laravel\\framework\\src\\Illuminate\\Foundation\\Http\\Middleware\\ConvertEmptyStringsToNull.php(31): Illuminate\\Foundation\\Http\\Middleware\\TransformsRequest->handle(Object(Illuminate\\Http\\Request), Object(Closure))
#45 C:\\Users\\OWNER\\Desktop\\laravel_app\\BBS\\vendor\\laravel\\framework\\src\\Illuminate\\Pipeline\\Pipeline.php(183): Illuminate\\Foundation\\Http\\Middleware\\ConvertEmptyStringsToNull->handle(Object(Illuminate\\Http\\Request), Object(Closure))
#46 C:\\Users\\OWNER\\Desktop\\laravel_app\\BBS\\vendor\\laravel\\framework\\src\\Illuminate\\Foundation\\Http\\Middleware\\TransformsRequest.php(21): Illuminate\\Pipeline\\Pipeline->Illuminate\\Pipeline\\{closure}(Object(Illuminate\\Http\\Request))
#47 C:\\Users\\OWNER\\Desktop\\laravel_app\\BBS\\vendor\\laravel\\framework\\src\\Illuminate\\Foundation\\Http\\Middleware\\TrimStrings.php(51): Illuminate\\Foundation\\Http\\Middleware\\TransformsRequest->handle(Object(Illuminate\\Http\\Request), Object(Closure))
#48 C:\\Users\\OWNER\\Desktop\\laravel_app\\BBS\\vendor\\laravel\\framework\\src\\Illuminate\\Pipeline\\Pipeline.php(183): Illuminate\\Foundation\\Http\\Middleware\\TrimStrings->handle(Object(Illuminate\\Http\\Request), Object(Closure))
#49 C:\\Users\\OWNER\\Desktop\\laravel_app\\BBS\\vendor\\laravel\\framework\\src\\Illuminate\\Http\\Middleware\\ValidatePostSize.php(27): Illuminate\\Pipeline\\Pipeline->Illuminate\\Pipeline\\{closure}(Object(Illuminate\\Http\\Request))
#50 C:\\Users\\OWNER\\Desktop\\laravel_app\\BBS\\vendor\\laravel\\framework\\src\\Illuminate\\Pipeline\\Pipeline.php(183): Illuminate\\Http\\Middleware\\ValidatePostSize->handle(Object(Illuminate\\Http\\Request), Object(Closure))
#51 C:\\Users\\OWNER\\Desktop\\laravel_app\\BBS\\vendor\\laravel\\framework\\src\\Illuminate\\Foundation\\Http\\Middleware\\PreventRequestsDuringMaintenance.php(110): Illuminate\\Pipeline\\Pipeline->Illuminate\\Pipeline\\{closure}(Object(Illuminate\\Http\\Request))
#52 C:\\Users\\OWNER\\Desktop\\laravel_app\\BBS\\vendor\\laravel\\framework\\src\\Illuminate\\Pipeline\\Pipeline.php(183): Illuminate\\Foundation\\Http\\Middleware\\PreventRequestsDuringMaintenance->handle(Object(Illuminate\\Http\\Request), Object(Closure))
#53 C:\\Users\\OWNER\\Desktop\\laravel_app\\BBS\\vendor\\laravel\\framework\\src\\Illuminate\\Http\\Middleware\\HandleCors.php(49): Illuminate\\Pipeline\\Pipeline->Illuminate\\Pipeline\\{closure}(Object(Illuminate\\Http\\Request))
#54 C:\\Users\\OWNER\\Desktop\\laravel_app\\BBS\\vendor\\laravel\\framework\\src\\Illuminate\\Pipeline\\Pipeline.php(183): Illuminate\\Http\\Middleware\\HandleCors->handle(Object(Illuminate\\Http\\Request), Object(Closure))
#55 C:\\Users\\OWNER\\Desktop\\laravel_app\\BBS\\vendor\\laravel\\framework\\src\\Illuminate\\Http\\Middleware\\TrustProxies.php(57): Illuminate\\Pipeline\\Pipeline->Illuminate\\Pipeline\\{closure}(Object(Illuminate\\Http\\Request))
#56 C:\\Users\\OWNER\\Desktop\\laravel_app\\BBS\\vendor\\laravel\\framework\\src\\Illuminate\\Pipeline\\Pipeline.php(183): Illuminate\\Http\\Middleware\\TrustProxies->handle(Object(Illuminate\\Http\\Request), Object(Closure))
#57 C:\\Users\\OWNER\\Desktop\\laravel_app\\BBS\\vendor\\laravel\\framework\\src\\Illuminate\\Pipeline\\Pipeline.php(119): Illuminate\\Pipeline\\Pipeline->Illuminate\\Pipeline\\{closure}(Object(Illuminate\\Http\\Request))
#58 C:\\Users\\OWNER\\Desktop\\laravel_app\\BBS\\vendor\\laravel\\framework\\src\\Illuminate\\Foundation\\Http\\Kernel.php(175): Illuminate\\Pipeline\\Pipeline->then(Object(Closure))
#59 C:\\Users\\OWNER\\Desktop\\laravel_app\\BBS\\vendor\\laravel\\framework\\src\\Illuminate\\Foundation\\Http\\Kernel.php(144): Illuminate\\Foundation\\Http\\Kernel->sendRequestThroughRouter(Object(Illuminate\\Http\\Request))
#60 C:\\Users\\OWNER\\Desktop\\laravel_app\\BBS\\vendor\\laravel\\framework\\src\\Illuminate\\Foundation\\Application.php(1172): Illuminate\\Foundation\\Http\\Kernel->handle(Object(Illuminate\\Http\\Request))
#61 C:\\Users\\OWNER\\Desktop\\laravel_app\\BBS\\public\\index.php(17): Illuminate\\Foundation\\Application->handleRequest(Object(Illuminate\\Http\\Request))
#62 C:\\Users\\OWNER\\Desktop\\laravel_app\\BBS\\vendor\\laravel\\framework\\src\\Illuminate\\Foundation\\resources\\server.php(16): require_once('C:\\\\Users\\\\OWNER\\\\...')
#63 {main}

[previous exception] [object] (PDOException(code: 42S22): SQLSTATE[42S22]: Column not found: 1054 Unknown column 'image_url' in 'field list' at C:\\Users\\OWNER\\Desktop\\laravel_app\\BBS\\vendor\\laravel\\framework\\src\\Illuminate\\Database\\Connection.php:565)
[stacktrace]
#0 C:\\Users\\OWNER\\Desktop\\laravel_app\\BBS\\vendor\\laravel\\framework\\src\\Illuminate\\Database\\Connection.php(565): PDO->prepare('insert into `po...')
#1 C:\\Users\\OWNER\\Desktop\\laravel_app\\BBS\\vendor\\laravel\\framework\\src\\Illuminate\\Database\\Connection.php(800): Illuminate\\Database\\Connection->Illuminate\\Database\\{closure}('insert into `po...', Array)
#2 C:\\Users\\OWNER\\Desktop\\laravel_app\\BBS\\vendor\\laravel\\framework\\src\\Illuminate\\Database\\Connection.php(767): Illuminate\\Database\\Connection->runQueryCallback('insert into `po...', Array, Object(Closure))
#3 C:\\Users\\OWNER\\Desktop\\laravel_app\\BBS\\vendor\\laravel\\framework\\src\\Illuminate\\Database\\Connection.php(560): Illuminate\\Database\\Connection->run('insert into `po...', Array, Object(Closure))
#4 C:\\Users\\OWNER\\Desktop\\laravel_app\\BBS\\vendor\\laravel\\framework\\src\\Illuminate\\Database\\Connection.php(524): Illuminate\\Database\\Connection->statement('insert into `po...', Array)
#5 C:\\Users\\OWNER\\Desktop\\laravel_app\\BBS\\vendor\\laravel\\framework\\src\\Illuminate\\Database\\Query\\Processors\\Processor.php(32): Illuminate\\Database\\Connection->insert('insert into `po...', Array)
#6 C:\\Users\\OWNER\\Desktop\\laravel_app\\BBS\\vendor\\laravel\\framework\\src\\Illuminate\\Database\\Query\\Builder.php(3659): Illuminate\\Database\\Query\\Processors\\Processor->processInsertGetId(Object(Illuminate\\Database\\Query\\Builder), 'insert into `po...', Array, NULL)
#7 C:\\Users\\OWNER\\Desktop\\laravel_app\\BBS\\vendor\\laravel\\framework\\src\\Illuminate\\Database\\Eloquent\\Builder.php(2026): Illuminate\\Database\\Query\\Builder->insertGetId(Array)
#8 C:\\Users\\OWNER\\Desktop\\laravel_app\\BBS\\vendor\\laravel\\framework\\src\\Illuminate\\Support\\Traits\\ForwardsCalls.php(23): Illuminate\\Database\\Eloquent\\Builder->__call('insertGetId', Array)
#9 C:\\Users\\OWNER\\Desktop\\laravel_app\\BBS\\vendor\\laravel\\framework\\src\\Illuminate\\Database\\Eloquent\\Model.php(2340): Illuminate\\Database\\Eloquent\\Model->forwardCallTo(Object(Illuminate\\Database\\Eloquent\\Builder), 'insertGetId', Array)
#10 C:\\Users\\OWNER\\Desktop\\laravel_app\\BBS\\vendor\\laravel\\framework\\src\\Illuminate\\Database\\Eloquent\\Model.php(2352): Illuminate\\Database\\Eloquent\\Model->__call('insertGetId', Array)
#11 C:\\Users\\OWNER\\Desktop\\laravel_app\\BBS\\app\\Http\\Controllers\\PostController.php(33): Illuminate\\Database\\Eloquent\\Model::__callStatic('insertGetId', Array)
#12 C:\\Users\\OWNER\\Desktop\\laravel_app\\BBS\\vendor\\laravel\\framework\\src\\Illuminate\\Routing\\ControllerDispatcher.php(46): App\\Http\\Controllers\\PostController->store(Object(Illuminate\\Http\\Request))
#13 C:\\Users\\OWNER\\Desktop\\laravel_app\\BBS\\vendor\\laravel\\framework\\src\\Illuminate\\Routing\\Route.php(260): Illuminate\\Routing\\ControllerDispatcher->dispatch(Object(Illuminate\\Routing\\Route), Object(App\\Http\\Controllers\\PostController), 'store')
#14 C:\\Users\\OWNER\\Desktop\\laravel_app\\BBS\\vendor\\laravel\\framework\\src\\Illuminate\\Routing\\Route.php(206): Illuminate\\Routing\\Route->runController()
#15 C:\\Users\\OWNER\\Desktop\\laravel_app\\BBS\\vendor\\laravel\\framework\\src\\Illuminate\\Routing\\Router.php(806): Illuminate\\Routing\\Route->run()
#16 C:\\Users\\OWNER\\Desktop\\laravel_app\\BBS\\vendor\\laravel\\framework\\src\\Illuminate\\Pipeline\\Pipeline.php(144): Illuminate\\Routing\\Router->Illuminate\\Routing\\{closure}(Object(Illuminate\\Http\\Request))
#17 C:\\Users\\OWNER\\Desktop\\laravel_app\\BBS\\vendor\\laravel\\framework\\src\\Illuminate\\Auth\\Middleware\\EnsureEmailIsVerified.php(41): Illuminate\\Pipeline\\Pipeline->Illuminate\\Pipeline\\{closure}(Object(Illuminate\\Http\\Request))
#18 C:\\Users\\OWNER\\Desktop\\laravel_app\\BBS\\vendor\\laravel\\framework\\src\\Illuminate\\Pipeline\\Pipeline.php(183): Illuminate\\Auth\\Middleware\\EnsureEmailIsVerified->handle(Object(Illuminate\\Http\\Request), Object(Closure))
#19 C:\\Users\\OWNER\\Desktop\\laravel_app\\BBS\\vendor\\laravel\\framework\\src\\Illuminate\\Routing\\Middleware\\SubstituteBindings.php(50): Illuminate\\Pipeline\\Pipeline->Illuminate\\Pipeline\\{closure}(Object(Illuminate\\Http\\Request))
#20 C:\\Users\\OWNER\\Desktop\\laravel_app\\BBS\\vendor\\laravel\\framework\\src\\Illuminate\\Pipeline\\Pipeline.php(183): Illuminate\\Routing\\Middleware\\SubstituteBindings->handle(Object(Illuminate\\Http\\Request), Object(Closure))
#21 C:\\Users\\OWNER\\Desktop\\laravel_app\\BBS\\vendor\\laravel\\framework\\src\\Illuminate\\Session\\Middleware\\AuthenticateSession.php(67): Illuminate\\Pipeline\\Pipeline->Illuminate\\Pipeline\\{closure}(Object(Illuminate\\Http\\Request))
#22 C:\\Users\\OWNER\\Desktop\\laravel_app\\BBS\\vendor\\laravel\\framework\\src\\Illuminate\\Pipeline\\Pipeline.php(183): Illuminate\\Session\\Middleware\\AuthenticateSession->handle(Object(Illuminate\\Http\\Request), Object(Closure))
#23 C:\\Users\\OWNER\\Desktop\\laravel_app\\BBS\\vendor\\laravel\\framework\\src\\Illuminate\\Auth\\Middleware\\Authenticate.php(64): Illuminate\\Pipeline\\Pipeline->Illuminate\\Pipeline\\{closure}(Object(Illuminate\\Http\\Request))
#24 C:\\Users\\OWNER\\Desktop\\laravel_app\\BBS\\vendor\\laravel\\framework\\src\\Illuminate\\Pipeline\\Pipeline.php(183): Illuminate\\Auth\\Middleware\\Authenticate->handle(Object(Illuminate\\Http\\Request), Object(Closure), 'sanctum')
#25 C:\\Users\\OWNER\\Desktop\\laravel_app\\BBS\\vendor\\laravel\\framework\\src\\Illuminate\\Foundation\\Http\\Middleware\\VerifyCsrfToken.php(88): Illuminate\\Pipeline\\Pipeline->Illuminate\\Pipeline\\{closure}(Object(Illuminate\\Http\\Request))
#26 C:\\Users\\OWNER\\Desktop\\laravel_app\\BBS\\vendor\\laravel\\framework\\src\\Illuminate\\Pipeline\\Pipeline.php(183): Illuminate\\Foundation\\Http\\Middleware\\VerifyCsrfToken->handle(Object(Illuminate\\Http\\Request), Object(Closure))
#27 C:\\Users\\OWNER\\Desktop\\laravel_app\\BBS\\vendor\\laravel\\framework\\src\\Illuminate\\View\\Middleware\\ShareErrorsFromSession.php(49): Illuminate\\Pipeline\\Pipeline->Illuminate\\Pipeline\\{closure}(Object(Illuminate\\Http\\Request))
#28 C:\\Users\\OWNER\\Desktop\\laravel_app\\BBS\\vendor\\laravel\\framework\\src\\Illuminate\\Pipeline\\Pipeline.php(183): Illuminate\\View\\Middleware\\ShareErrorsFromSession->handle(Object(Illuminate\\Http\\Request), Object(Closure))
#29 C:\\Users\\OWNER\\Desktop\\laravel_app\\BBS\\vendor\\laravel\\framework\\src\\Illuminate\\Session\\Middleware\\StartSession.php(121): Illuminate\\Pipeline\\Pipeline->Illuminate\\Pipeline\\{closure}(Object(Illuminate\\Http\\Request))
#30 C:\\Users\\OWNER\\Desktop\\laravel_app\\BBS\\vendor\\laravel\\framework\\src\\Illuminate\\Session\\Middleware\\StartSession.php(64): Illuminate\\Session\\Middleware\\StartSession->handleStatefulRequest(Object(Illuminate\\Http\\Request), Object(Illuminate\\Session\\Store), Object(Closure))
#31 C:\\Users\\OWNER\\Desktop\\laravel_app\\BBS\\vendor\\laravel\\framework\\src\\Illuminate\\Pipeline\\Pipeline.php(183): Illuminate\\Session\\Middleware\\StartSession->handle(Object(Illuminate\\Http\\Request), Object(Closure))
#32 C:\\Users\\OWNER\\Desktop\\laravel_app\\BBS\\vendor\\laravel\\framework\\src\\Illuminate\\Cookie\\Middleware\\AddQueuedCookiesToResponse.php(37): Illuminate\\Pipeline\\Pipeline->Illuminate\\Pipeline\\{closure}(Object(Illuminate\\Http\\Request))
#33 C:\\Users\\OWNER\\Desktop\\laravel_app\\BBS\\vendor\\laravel\\framework\\src\\Illuminate\\Pipeline\\Pipeline.php(183): Illuminate\\Cookie\\Middleware\\AddQueuedCookiesToResponse->handle(Object(Illuminate\\Http\\Request), Object(Closure))
#34 C:\\Users\\OWNER\\Desktop\\laravel_app\\BBS\\vendor\\laravel\\framework\\src\\Illuminate\\Cookie\\Middleware\\EncryptCookies.php(75): Illuminate\\Pipeline\\Pipeline->Illuminate\\Pipeline\\{closure}(Object(Illuminate\\Http\\Request))
#35 C:\\Users\\OWNER\\Desktop\\laravel_app\\BBS\\vendor\\laravel\\framework\\src\\Illuminate\\Pipeline\\Pipeline.php(183): Illuminate\\Cookie\\Middleware\\EncryptCookies->handle(Object(Illuminate\\Http\\Request), Object(Closure))
#36 C:\\Users\\OWNER\\Desktop\\laravel_app\\BBS\\vendor\\laravel\\framework\\src\\Illuminate\\Pipeline\\Pipeline.php(119): Illuminate\\Pipeline\\Pipeline->Illuminate\\Pipeline\\{closure}(Object(Illuminate\\Http\\Request))
#37 C:\\Users\\OWNER\\Desktop\\laravel_app\\BBS\\vendor\\laravel\\framework\\src\\Illuminate\\Routing\\Router.php(805): Illuminate\\Pipeline\\Pipeline->then(Object(Closure))
#38 C:\\Users\\OWNER\\Desktop\\laravel_app\\BBS\\vendor\\laravel\\framework\\src\\Illuminate\\Routing\\Router.php(784): Illuminate\\Routing\\Router->runRouteWithinStack(Object(Illuminate\\Routing\\Route), Object(Illuminate\\Http\\Request))
#39 C:\\Users\\OWNER\\Desktop\\laravel_app\\BBS\\vendor\\laravel\\framework\\src\\Illuminate\\Routing\\Router.php(748): Illuminate\\Routing\\Router->runRoute(Object(Illuminate\\Http\\Request), Object(Illuminate\\Routing\\Route))
#40 C:\\Users\\OWNER\\Desktop\\laravel_app\\BBS\\vendor\\laravel\\framework\\src\\Illuminate\\Routing\\Router.php(737): Illuminate\\Routing\\Router->dispatchToRoute(Object(Illuminate\\Http\\Request))
#41 C:\\Users\\OWNER\\Desktop\\laravel_app\\BBS\\vendor\\laravel\\framework\\src\\Illuminate\\Foundation\\Http\\Kernel.php(200): Illuminate\\Routing\\Router->dispatch(Object(Illuminate\\Http\\Request))
#42 C:\\Users\\OWNER\\Desktop\\laravel_app\\BBS\\vendor\\laravel\\framework\\src\\Illuminate\\Pipeline\\Pipeline.php(144): Illuminate\\Foundation\\Http\\Kernel->Illuminate\\Foundation\\Http\\{closure}(Object(Illuminate\\Http\\Request))
#43 C:\\Users\\OWNER\\Desktop\\laravel_app\\BBS\\vendor\\livewire\\livewire\\src\\Features\\SupportDisablingBackButtonCache\\DisableBackButtonCacheMiddleware.php(19): Illuminate\\Pipeline\\Pipeline->Illuminate\\Pipeline\\{closure}(Object(Illuminate\\Http\\Request))
#44 C:\\Users\\OWNER\\Desktop\\laravel_app\\BBS\\vendor\\laravel\\framework\\src\\Illuminate\\Pipeline\\Pipeline.php(183): Livewire\\Features\\SupportDisablingBackButtonCache\\DisableBackButtonCacheMiddleware->handle(Object(Illuminate\\Http\\Request), Object(Closure))
#45 C:\\Users\\OWNER\\Desktop\\laravel_app\\BBS\\vendor\\laravel\\framework\\src\\Illuminate\\Foundation\\Http\\Middleware\\TransformsRequest.php(21): Illuminate\\Pipeline\\Pipeline->Illuminate\\Pipeline\\{closure}(Object(Illuminate\\Http\\Request))
#46 C:\\Users\\OWNER\\Desktop\\laravel_app\\BBS\\vendor\\laravel\\framework\\src\\Illuminate\\Foundation\\Http\\Middleware\\ConvertEmptyStringsToNull.php(31): Illuminate\\Foundation\\Http\\Middleware\\TransformsRequest->handle(Object(Illuminate\\Http\\Request), Object(Closure))
#47 C:\\Users\\OWNER\\Desktop\\laravel_app\\BBS\\vendor\\laravel\\framework\\src\\Illuminate\\Pipeline\\Pipeline.php(183): Illuminate\\Foundation\\Http\\Middleware\\ConvertEmptyStringsToNull->handle(Object(Illuminate\\Http\\Request), Object(Closure))
#48 C:\\Users\\OWNER\\Desktop\\laravel_app\\BBS\\vendor\\laravel\\framework\\src\\Illuminate\\Foundation\\Http\\Middleware\\TransformsRequest.php(21): Illuminate\\Pipeline\\Pipeline->Illuminate\\Pipeline\\{closure}(Object(Illuminate\\Http\\Request))
#49 C:\\Users\\OWNER\\Desktop\\laravel_app\\BBS\\vendor\\laravel\\framework\\src\\Illuminate\\Foundation\\Http\\Middleware\\TrimStrings.php(51): Illuminate\\Foundation\\Http\\Middleware\\TransformsRequest->handle(Object(Illuminate\\Http\\Request), Object(Closure))
#50 C:\\Users\\OWNER\\Desktop\\laravel_app\\BBS\\vendor\\laravel\\framework\\src\\Illuminate\\Pipeline\\Pipeline.php(183): Illuminate\\Foundation\\Http\\Middleware\\TrimStrings->handle(Object(Illuminate\\Http\\Request), Object(Closure))
#51 C:\\Users\\OWNER\\Desktop\\laravel_app\\BBS\\vendor\\laravel\\framework\\src\\Illuminate\\Http\\Middleware\\ValidatePostSize.php(27): Illuminate\\Pipeline\\Pipeline->Illuminate\\Pipeline\\{closure}(Object(Illuminate\\Http\\Request))
#52 C:\\Users\\OWNER\\Desktop\\laravel_app\\BBS\\vendor\\laravel\\framework\\src\\Illuminate\\Pipeline\\Pipeline.php(183): Illuminate\\Http\\Middleware\\ValidatePostSize->handle(Object(Illuminate\\Http\\Request), Object(Closure))
#53 C:\\Users\\OWNER\\Desktop\\laravel_app\\BBS\\vendor\\laravel\\framework\\src\\Illuminate\\Foundation\\Http\\Middleware\\PreventRequestsDuringMaintenance.php(110): Illuminate\\Pipeline\\Pipeline->Illuminate\\Pipeline\\{closure}(Object(Illuminate\\Http\\Request))
#54 C:\\Users\\OWNER\\Desktop\\laravel_app\\BBS\\vendor\\laravel\\framework\\src\\Illuminate\\Pipeline\\Pipeline.php(183): Illuminate\\Foundation\\Http\\Middleware\\PreventRequestsDuringMaintenance->handle(Object(Illuminate\\Http\\Request), Object(Closure))
#55 C:\\Users\\OWNER\\Desktop\\laravel_app\\BBS\\vendor\\laravel\\framework\\src\\Illuminate\\Http\\Middleware\\HandleCors.php(49): Illuminate\\Pipeline\\Pipeline->Illuminate\\Pipeline\\{closure}(Object(Illuminate\\Http\\Request))
#56 C:\\Users\\OWNER\\Desktop\\laravel_app\\BBS\\vendor\\laravel\\framework\\src\\Illuminate\\Pipeline\\Pipeline.php(183): Illuminate\\Http\\Middleware\\HandleCors->handle(Object(Illuminate\\Http\\Request), Object(Closure))
#57 C:\\Users\\OWNER\\Desktop\\laravel_app\\BBS\\vendor\\laravel\\framework\\src\\Illuminate\\Http\\Middleware\\TrustProxies.php(57): Illuminate\\Pipeline\\Pipeline->Illuminate\\Pipeline\\{closure}(Object(Illuminate\\Http\\Request))
#58 C:\\Users\\OWNER\\Desktop\\laravel_app\\BBS\\vendor\\laravel\\framework\\src\\Illuminate\\Pipeline\\Pipeline.php(183): Illuminate\\Http\\Middleware\\TrustProxies->handle(Object(Illuminate\\Http\\Request), Object(Closure))
#59 C:\\Users\\OWNER\\Desktop\\laravel_app\\BBS\\vendor\\laravel\\framework\\src\\Illuminate\\Pipeline\\Pipeline.php(119): Illuminate\\Pipeline\\Pipeline->Illuminate\\Pipeline\\{closure}(Object(Illuminate\\Http\\Request))
#60 C:\\Users\\OWNER\\Desktop\\laravel_app\\BBS\\vendor\\laravel\\framework\\src\\Illuminate\\Foundation\\Http\\Kernel.php(175): Illuminate\\Pipeline\\Pipeline->then(Object(Closure))
#61 C:\\Users\\OWNER\\Desktop\\laravel_app\\BBS\\vendor\\laravel\\framework\\src\\Illuminate\\Foundation\\Http\\Kernel.php(144): Illuminate\\Foundation\\Http\\Kernel->sendRequestThroughRouter(Object(Illuminate\\Http\\Request))
#62 C:\\Users\\OWNER\\Desktop\\laravel_app\\BBS\\vendor\\laravel\\framework\\src\\Illuminate\\Foundation\\Application.php(1172): Illuminate\\Foundation\\Http\\Kernel->handle(Object(Illuminate\\Http\\Request))
#63 C:\\Users\\OWNER\\Desktop\\laravel_app\\BBS\\public\\index.php(17): Illuminate\\Foundation\\Application->handleRequest(Object(Illuminate\\Http\\Request))
#64 C:\\Users\\OWNER\\Desktop\\laravel_app\\BBS\\vendor\\laravel\\framework\\src\\Illuminate\\Foundation\\resources\\server.php(16): require_once('C:\\\\Users\\\\OWNER\\\\...')
#65 {main}
"} 
[2024-05-21 22:18:30] local.ERROR: Cannot redeclare App\Http\Controllers\PostController::index() {"exception":"[object] (Symfony\\Component\\ErrorHandler\\Error\\FatalError(code: 0): Cannot redeclare App\\Http\\Controllers\\PostController::index() at C:\\Users\\OWNER\\Desktop\\laravel_app\\BBS\\app\\Http\\Controllers\\PostController.php:21)
[stacktrace]
#0 {main}
"} 
